run Normal prior model
#####################################################################
Starting MCMC with adaptive RW estimating 7 parameters
Algorithm: MCWM
Adaptation algorithm: AMUpdate_gen
Prior distribution: Normal
Particel filter: parallel_bootstrap, on 4 cores
Nbr particles for particel filter: 250
Iteration: 1
Covariance:
[0.142857 0.0 0.0 0.0 0.0 0.0 0.0; 0.0 0.142857 0.0 0.0 0.0 0.0 0.0; 0.0 0.0 0.142857 0.0 0.0 0.0 0.0; 0.0 0.0 0.0 0.142857 0.0 0.0 0.0; 0.0 0.0 0.0 0.0 0.142857 0.0 0.0; 0.0 0.0 0.0 0.0 0.0 0.142857 0.0; 0.0 0.0 0.0 0.0 0.0 0.0 0.142857]
Loglik: -177387.9888 
Percentage done: 5.00 % 
Acceptance rate on iteration 1 to 1000 is 0.2973
Covariance:
[0.0129102 -0.00255054 0.000157592 0.00443749 0.00305074 -0.00136912 0.00357485; -0.00255054 0.000881795 -0.000196759 -0.00163475 -0.000606821 0.000151832 -0.00110434; 0.000157592 -0.000196759 0.00241201 0.00328581 -0.000640072 -0.00348285 0.000366899; 0.00443749 -0.00163475 0.00328581 0.134051 0.0536067 -0.0656637 0.00219758; 0.00305074 -0.000606821 -0.000640072 0.0536067 0.0244599 -0.0240175 0.00110148; -0.00136912 0.000151832 -0.00348285 -0.0656637 -0.0240175 0.0460849 0.00082554; 0.00357485 -0.00110434 0.000366899 0.00219758 0.00110148 0.00082554 0.0029015]
Loglik: -169435.0923 
Loglik values on different cores:
[-1.69492e5,-1.69489e5,-1.69478e5,-1.69457e5]
	From worker 5:	ESS: 144.2805
	From worker 5:	Nbr resample: 24799 
	From worker 4:	ESS: 175.9939
	From worker 4:	Nbr resample: 24799 
	From worker 2:	ESS: 174.8687
	From worker 2:	Nbr resample: 24799 
	From worker 3:	ESS: 205.0515
	From worker 3:	Nbr resample: 24799 
	From worker 5:	ESS: 173.9227
	From worker 5:	Nbr resample: 24799 
	From worker 4:	ESS: 227.4975
	From worker 4:	Nbr resample: 24799 
	From worker 3:	ESS: 163.2223
	From worker 3:	Nbr resample: 24799 
	From worker 2:	ESS: 161.0302
	From worker 2:	Nbr resample: 24799 
Percentage done: 10.00 % 
Acceptance rate on iteration 1001 to 2000 is 0.0290
Covariance:
[0.00492606 -0.0015876 -0.000956694 -0.0038803 -0.000658101 -0.0124045 0.000388466; -0.0015876 0.000552726 0.000407051 0.00140772 0.00020962 0.00447144 -0.000109028; -0.000956694 0.000407051 0.00294238 0.00647101 -0.000206753 0.00277126 -0.000394761; -0.0038803 0.00140772 0.00647101 0.0276774 0.00471696 0.00123005 -0.00203245; -0.000658101 0.00020962 -0.000206753 0.00471696 0.00208125 -0.00148885 -0.000334911; -0.0124045 0.00447144 0.00277126 0.00123005 -0.00148885 0.0476164 0.00072278; 0.000388466 -0.000109028 -0.000394761 -0.00203245 -0.000334911 0.00072278 0.00049934]
Loglik: -169013.1111 
Loglik values on different cores:
[-1.69008e5,-1.69065e5,-169052.0,-1.69052e5]
	From worker 2:	ESS: 160.6587
	From worker 2:	Nbr resample: 24799 
	From worker 3:	ESS: 187.2734
	From worker 3:	Nbr resample: 24799 
	From worker 4:	ESS: 190.8472
	From worker 4:	Nbr resample: 24799 
	From worker 5:	ESS: 218.2718
	From worker 5:	Nbr resample: 24799 
	From worker 2:	ESS: 148.1820
	From worker 2:	Nbr resample: 24799 
	From worker 3:	ESS: 195.4284
	From worker 3:	Nbr resample: 24799 
	From worker 4:	ESS: 157.0504
	From worker 4:	Nbr resample: 24799 
	From worker 5:	ESS: 201.2916
	From worker 5:	Nbr resample: 24799 
Percentage done: 15.00 % 
Acceptance rate on iteration 2001 to 3000 is 0.0430
Covariance:
[0.0017159 -0.000525031 -8.71207e-5 -0.000196895 1.72689e-5 -0.00152371 0.00056677; -0.000525031 0.000167917 4.09975e-5 6.82576e-5 -1.09774e-5 0.00058496 -0.000164906; -8.71207e-5 4.09975e-5 0.000300179 0.000695631 -4.58276e-6 0.000512523 4.71749e-6; -0.000196895 6.82576e-5 0.000695631 0.00396668 0.000876849 0.0002527 8.70731e-6; 1.72689e-5 -1.09774e-5 -4.58276e-6 0.000876849 0.000348783 -0.000325967 2.3847e-5; -0.00152371 0.00058496 0.000512523 0.0002527 -0.000325967 0.00975233 0.000529251; 0.00056677 -0.000164906 4.71749e-6 8.70731e-6 2.3847e-5 0.000529251 0.000392495]
Loglik: -168916.0917 
Loglik values on different cores:
[-1.68887e5,-1.68926e5,-1.68897e5,-1.6892e5]
	From worker 4:	ESS: 133.8146
	From worker 4:	Nbr resample: 24799 
	From worker 5:	ESS: 164.5577
	From worker 5:	Nbr resample: 24799 
	From worker 3:	ESS: 174.9752
	From worker 3:	Nbr resample: 24799 
	From worker 2:	ESS: 200.5002
	From worker 2:	Nbr resample: 24799 
	From worker 5:	ESS: 143.7416
	From worker 5:	Nbr resample: 24799 
	From worker 3:	ESS: 200.0889
	From worker 3:	Nbr resample: 24799 
	From worker 2:	ESS: 180.9355
	From worker 2:	Nbr resample: 24799 
	From worker 4:	ESS: 200.7653
	From worker 4:	Nbr resample: 24799 
Percentage done: 20.00 % 
Acceptance rate on iteration 3001 to 4000 is 0.1041
Covariance:
[0.00751022 -0.00296085 -1.01849e-5 0.00534834 0.00151765 0.00166904 0.00509852; -0.00296085 0.00131782 2.29617e-5 -0.00325309 -0.000911144 -0.000491413 -0.00240321; -1.01849e-5 2.29617e-5 6.88248e-5 5.13983e-5 -2.51697e-5 0.000124153 -3.10451e-5; 0.00534834 -0.00325309 5.13983e-5 0.0142179 0.00389023 -0.000105701 0.006683; 0.00151765 -0.000911144 -2.51697e-5 0.00389023 0.00110196 -0.000113485 0.00185989; 0.00166904 -0.000491413 0.000124153 -0.000105701 -0.000113485 0.0032519 0.00111495; 0.00509852 -0.00240321 -3.10451e-5 0.006683 0.00185989 0.00111495 0.00462984]
Loglik: -168805.4514 
Loglik values on different cores:
[-1.68813e5,-1.68788e5,-1.68811e5,-1.68848e5]
	From worker 4:	ESS: 207.5134
	From worker 4:	Nbr resample: 24799 
	From worker 5:	ESS: 205.5818
	From worker 5:	Nbr resample: 24799 
	From worker 3:	ESS: 216.6814
	From worker 3:	Nbr resample: 24799 
	From worker 2:	ESS: 205.5853
	From worker 2:	Nbr resample: 24799 
	From worker 4:	ESS: 201.5441
	From worker 4:	Nbr resample: 24799 
	From worker 5:	ESS: 210.1439
	From worker 5:	Nbr resample: 24799 
	From worker 3:	ESS: 212.6880
	From worker 3:	Nbr resample: 24799 
	From worker 2:	ESS: 204.2511
	From worker 2:	Nbr resample: 24799 
Percentage done: 25.00 % 
Acceptance rate on iteration 4001 to 5000 is 0.1642
Covariance:
[0.00356315 -0.00124159 4.56496e-6 0.000833569 0.00027611 0.000909226 0.00202077; -0.00124159 0.000645057 2.87674e-5 -0.00248567 -0.000672835 0.000102441 -0.00121303; 4.56496e-6 2.87674e-5 3.08261e-5 -0.000203083 -6.41027e-5 7.98471e-5 -5.6272e-5; 0.000833569 -0.00248567 -0.000203083 0.0282706 0.00743798 -0.00590764 0.00576937; 0.00027611 -0.000672835 -6.41027e-5 0.00743798 0.00197224 -0.00157387 0.00154985; 0.000909226 0.000102441 7.98471e-5 -0.00590764 -0.00157387 0.00276789 -0.000326267; 0.00202077 -0.00121303 -5.6272e-5 0.00576937 0.00154985 -0.000326267 0.00245816]
Loglik: -168782.0122 
Loglik values on different cores:
[-1.68799e5,-1.68787e5,-1.68805e5,-1.68788e5]
	From worker 4:	ESS: 215.2674
	From worker 4:	Nbr resample: 24799 
	From worker 5:	ESS: 200.1382
	From worker 5:	Nbr resample: 24799 
	From worker 3:	ESS: 182.3445
	From worker 3:	Nbr resample: 24799 
	From worker 2:	ESS: 209.0157
	From worker 2:	Nbr resample: 24799 
	From worker 5:	ESS: 207.2416
	From worker 5:	Nbr resample: 24799 
	From worker 4:	ESS: 215.2428
	From worker 4:	Nbr resample: 24799 
	From worker 3:	ESS: 197.1132
	From worker 3:	Nbr resample: 24799 
	From worker 2:	ESS: 171.8290
	From worker 2:	Nbr resample: 24799 
Percentage done: 30.00 % 
Acceptance rate on iteration 5001 to 6000 is 0.2362
Covariance:
[0.00402661 -0.000723998 2.16977e-5 0.00088247 0.00024984 4.34778e-5 0.000718657; -0.000723998 0.000389224 1.76328e-5 -0.00126677 -0.000338876 2.34557e-5 -0.000655921; 2.16977e-5 1.76328e-5 1.8821e-5 -0.00012915 -3.78733e-5 5.07618e-5 -2.22808e-5; 0.00088247 -0.00126677 -0.00012915 0.0233309 0.00603543 -0.00662724 0.00216753; 0.00024984 -0.000338876 -3.78733e-5 0.00603543 0.0015714 -0.00172252 0.000582138; 4.34778e-5 2.34557e-5 5.07618e-5 -0.00662724 -0.00172252 0.00321631 0.000406051; 0.000718657 -0.000655921 -2.22808e-5 0.00216753 0.000582138 0.000406051 0.00163894]
Loglik: -168763.3613 
Loglik values on different cores:
[-1.68785e5,-1.68774e5,-1.68786e5,-1.68787e5]
	From worker 2:	ESS: 176.1575
	From worker 2:	Nbr resample: 24799 
	From worker 3:	ESS: 205.3603
	From worker 3:	Nbr resample: 24799 
	From worker 4:	ESS: 205.2422
	From worker 4:	Nbr resample: 24799 
	From worker 5:	ESS: 212.3917
	From worker 5:	Nbr resample: 24799 
	From worker 3:	ESS: 172.3477
	From worker 3:	Nbr resample: 24799 
	From worker 2:	ESS: 219.0151
	From worker 2:	Nbr resample: 24799 
	From worker 4:	ESS: 189.9294
	From worker 4:	Nbr resample: 24799 
	From worker 5:	ESS: 213.7934
	From worker 5:	Nbr resample: 24799 
Percentage done: 35.00 % 
Acceptance rate on iteration 6001 to 7000 is 0.2813
Covariance:
[0.0173756 -0.00212981 -9.85017e-6 0.00530543 0.00128006 -0.00101072 0.00153604; -0.00212981 0.000504207 1.60318e-5 -0.00140178 -0.000353197 0.000106082 -0.000601373; -9.85017e-6 1.60318e-5 1.71659e-5 -0.000116512 -3.07583e-5 3.56604e-5 -2.25612e-5; 0.00530543 -0.00140178 -0.000116512 0.0307807 0.00761383 -0.00926268 0.0017083; 0.00128006 -0.000353197 -3.07583e-5 0.00761383 0.00189421 -0.00229483 0.000446597; -0.00101072 0.000106082 3.56604e-5 -0.00926268 -0.00229483 0.00384021 0.000376293; 0.00153604 -0.000601373 -2.25612e-5 0.0017083 0.000446597 0.000376293 0.00149182]
Loglik: -168822.9823 
Loglik values on different cores:
[-1.68897e5,-1.68921e5,-1.68901e5,-168859.0]
	From worker 5:	ESS: 200.6412
	From worker 5:	Nbr resample: 24799 
	From worker 4:	ESS: 209.9556
	From worker 4:	Nbr resample: 24799 
	From worker 2:	ESS: 203.7670
	From worker 2:	Nbr resample: 24799 
	From worker 3:	ESS: 196.1167
	From worker 3:	Nbr resample: 24799 
	From worker 4:	ESS: 204.8977
	From worker 4:	Nbr resample: 24799 
	From worker 5:	ESS: 199.7009
	From worker 5:	Nbr resample: 24799 
	From worker 3:	ESS: 207.3919
	From worker 3:	Nbr resample: 24799 
	From worker 2:	ESS: 200.9982
	From worker 2:	Nbr resample: 24799 
Percentage done: 40.00 % 
Acceptance rate on iteration 7001 to 8000 is 0.2513
Covariance:
[0.0160107 -0.00200344 1.60514e-5 0.00378881 0.000917152 -0.0006297 0.00130367; -0.00200344 0.000563542 -5.91104e-6 -0.00117375 -0.000300099 0.000129061 -0.000584561; 1.60514e-5 -5.91104e-6 1.71565e-5 -8.08724e-5 -1.87725e-5 1.77681e-5 -8.62924e-6; 0.00378881 -0.00117375 -8.08724e-5 0.0254082 0.00625553 -0.0075845 0.00114647; 0.000917152 -0.000300099 -1.87725e-5 0.00625553 0.00154934 -0.00187485 0.000302422; -0.0006297 0.000129061 1.77681e-5 -0.0075845 -0.00187485 0.00320785 0.000413939; 0.00130367 -0.000584561 -8.62924e-6 0.00114647 0.000302422 0.000413939 0.00139313]
Loglik: -168769.1552 
Loglik values on different cores:
[-1.68809e5,-1.68832e5,-1.68826e5,-1.68804e5]
	From worker 4:	ESS: 191.9328
	From worker 4:	Nbr resample: 24799 
	From worker 5:	ESS: 212.7454
	From worker 5:	Nbr resample: 24799 
	From worker 3:	ESS: 203.8357
	From worker 3:	Nbr resample: 24799 
	From worker 2:	ESS: 213.2936
	From worker 2:	Nbr resample: 24799 
	From worker 4:	ESS: 201.8768
	From worker 4:	Nbr resample: 24799 
	From worker 5:	ESS: 220.0107
	From worker 5:	Nbr resample: 24799 
	From worker 3:	ESS: 201.0572
	From worker 3:	Nbr resample: 24799 
	From worker 2:	ESS: 214.8664
	From worker 2:	Nbr resample: 24799 
Percentage done: 45.00 % 
Acceptance rate on iteration 8001 to 9000 is 0.2793
Covariance:
[0.015795 -0.00236014 2.36443e-5 0.00454191 0.00107538 -0.000910963 0.00158422; -0.00236014 0.000760409 -2.06978e-6 -0.00143623 -0.000355018 7.05604e-5 -0.00077381; 2.36443e-5 -2.06978e-6 1.97581e-5 -9.35508e-5 -2.00894e-5 1.89115e-5 -1.9879e-5; 0.00454191 -0.00143623 -9.35508e-5 0.0286256 0.00698073 -0.00828308 0.00149429; 0.00107538 -0.000355018 -2.00894e-5 0.00698073 0.00171217 -0.00202373 0.000372028; -0.000910963 7.05604e-5 1.89115e-5 -0.00828308 -0.00202373 0.00363042 0.000526382; 0.00158422 -0.00077381 -1.9879e-5 0.00149429 0.000372028 0.000526382 0.00171696]
Loglik: -168759.4379 
Loglik values on different cores:
[-1.68789e5,-1.68815e5,-1.68787e5,-168796.0]
	From worker 2:	ESS: 175.4516
	From worker 2:	Nbr resample: 24799 
	From worker 3:	ESS: 195.3865
	From worker 3:	Nbr resample: 24799 
	From worker 5:	ESS: 208.4534
	From worker 5:	Nbr resample: 24799 
	From worker 4:	ESS: 157.1161
	From worker 4:	Nbr resample: 24799 
	From worker 3:	ESS: 218.9364
	From worker 3:	Nbr resample: 24799 
	From worker 2:	ESS: 183.5642
	From worker 2:	Nbr resample: 24799 
	From worker 5:	ESS: 213.8206
	From worker 5:	Nbr resample: 24799 
	From worker 4:	ESS: 215.3083
	From worker 4:	Nbr resample: 24799 
Percentage done: 50.00 % 
Acceptance rate on iteration 9001 to 10000 is 0.2132
Covariance:
[0.0244303 -0.0028957 6.17232e-5 0.00440953 0.0010048 -0.000399799 0.0024153; -0.0028957 0.000717294 -1.13914e-5 -0.00117988 -0.000289935 2.83232e-6 -0.000718862; 6.17232e-5 -1.13914e-5 1.90308e-5 -7.05944e-5 -1.35772e-5 2.1691e-5 4.58305e-6; 0.00440953 -0.00117988 -7.05944e-5 0.0265488 0.0065279 -0.00809469 0.00119598; 0.0010048 -0.000289935 -1.35772e-5 0.0065279 0.00161569 -0.00200471 0.00028946; -0.000399799 2.83232e-6 2.1691e-5 -0.00809469 -0.00200471 0.00362531 0.0005644; 0.0024153 -0.000718862 4.58305e-6 0.00119598 0.00028946 0.0005644 0.00158854]
Loglik: -168780.3838 
Loglik values on different cores:
[-1.68772e5,-1.6877e5,-1.68774e5,-1.68811e5]
	From worker 5:	ESS: 211.7205
	From worker 5:	Nbr resample: 24799 
	From worker 4:	ESS: 211.7182
	From worker 4:	Nbr resample: 24799 
	From worker 2:	ESS: 202.0339
	From worker 2:	Nbr resample: 24799 
	From worker 3:	ESS: 205.6763
	From worker 3:	Nbr resample: 24799 
	From worker 5:	ESS: 216.9702
	From worker 5:	Nbr resample: 24799 
	From worker 4:	ESS: 215.2451
	From worker 4:	Nbr resample: 24799 
	From worker 3:	ESS: 209.6505
	From worker 3:	Nbr resample: 24799 
	From worker 2:	ESS: 193.0503
	From worker 2:	Nbr resample: 24799 
Percentage done: 55.00 % 
Acceptance rate on iteration 10001 to 11000 is 0.2362
Covariance:
[0.0235132 -0.00302651 3.42752e-5 0.00331702 0.000772141 0.000195823 0.00292182; -0.00302651 0.000786544 2.40904e-6 -0.00145995 -0.000353086 -4.16609e-6 -0.000842048; 3.42752e-5 2.40904e-6 2.39614e-5 -0.000100439 -1.68542e-5 2.6612e-5 6.64404e-6; 0.00331702 -0.00145995 -0.000100439 0.0321081 0.00772448 -0.00920623 0.00161843; 0.000772141 -0.000353086 -1.68542e-5 0.00772448 0.00187327 -0.00223606 0.000401278; 0.000195823 -4.16609e-6 2.6612e-5 -0.00920623 -0.00223606 0.00411188 0.000727323; 0.00292182 -0.000842048 6.64404e-6 0.00161843 0.000401278 0.000727323 0.00199717]
Loglik: -168795.1359 
Loglik values on different cores:
[-1.68849e5,-1.68834e5,-1.68827e5,-1.68842e5]
	From worker 3:	ESS: 213.0955
	From worker 3:	Nbr resample: 24799 
	From worker 2:	ESS: 203.1413
	From worker 2:	Nbr resample: 24799 
	From worker 4:	ESS: 194.0521
	From worker 4:	Nbr resample: 24799 
	From worker 5:	ESS: 195.1578
	From worker 5:	Nbr resample: 24799 
	From worker 4:	ESS: 210.9072
	From worker 4:	Nbr resample: 24799 
	From worker 5:	ESS: 216.3376
	From worker 5:	Nbr resample: 24799 
	From worker 3:	ESS: 215.0531
	From worker 3:	Nbr resample: 24799 
	From worker 2:	ESS: 205.5392
	From worker 2:	Nbr resample: 24799 
Percentage done: 60.00 % 
Acceptance rate on iteration 11001 to 12000 is 0.2042
Covariance:
[0.0269585 -0.00383495 3.11942e-5 0.00367546 0.000882962 0.000978941 0.00434665; -0.00383495 0.000989255 1.66218e-6 -0.00136092 -0.000329771 -0.000143079 -0.00106068; 3.11942e-5 1.66218e-6 2.27853e-5 -7.02005e-5 -1.01509e-5 2.07182e-5 8.98445e-6; 0.00367546 -0.00136092 -7.02005e-5 0.0304775 0.00734067 -0.00886903 0.00148459; 0.000882962 -0.000329771 -1.01509e-5 0.00734067 0.00178107 -0.00215542 0.000366566; 0.000978941 -0.000143079 2.07182e-5 -0.00886903 -0.00215542 0.00404506 0.000859733; 0.00434665 -0.00106068 8.98445e-6 0.00148459 0.000366566 0.000859733 0.00225882]
Loglik: -168805.5128 
Loglik values on different cores:
[-1.68846e5,-1.68875e5,-1.68854e5,-168866.0]
	From worker 5:	ESS: 168.9157
	From worker 5:	Nbr resample: 24799 
	From worker 4:	ESS: 172.2500
	From worker 4:	Nbr resample: 24799 
	From worker 3:	ESS: 188.9114
	From worker 3:	Nbr resample: 24799 
	From worker 2:	ESS: 183.3716
	From worker 2:	Nbr resample: 24799 
	From worker 5:	ESS: 165.1374
	From worker 5:	Nbr resample: 24799 
	From worker 4:	ESS: 166.4772
	From worker 4:	Nbr resample: 24799 
	From worker 3:	ESS: 202.6355
	From worker 3:	Nbr resample: 24799 
	From worker 2:	ESS: 196.9264
	From worker 2:	Nbr resample: 24799 
Percentage done: 65.00 % 
Acceptance rate on iteration 12001 to 13000 is 0.1992
Covariance:
[0.0294049 -0.00365913 3.6902e-5 0.00108481 0.000228165 0.000789434 0.00365267; -0.00365913 0.000988793 -1.9933e-6 -0.000713601 -0.000163496 -0.000241797 -0.000920108; 3.6902e-5 -1.9933e-6 2.87899e-5 -5.54616e-5 -5.15849e-6 8.77115e-6 1.9303e-6; 0.00108481 -0.000713601 -5.54616e-5 0.0351861 0.00849717 -0.0114242 0.000539409; 0.000228165 -0.000163496 -5.15849e-6 0.00849717 0.00206686 -0.00278672 0.000139224; 0.000789434 -0.000241797 8.77115e-6 -0.0114242 -0.00278672 0.00537422 0.00113481; 0.00365267 -0.000920108 1.9303e-6 0.000539409 0.000139224 0.00113481 0.00215942]
Loglik: -168791.0184 
Loglik values on different cores:
[-168824.0,-1.68806e5,-1.68819e5,-1.68794e5]
	From worker 4:	ESS: 215.8868
	From worker 4:	Nbr resample: 24799 
	From worker 5:	ESS: 197.0307
	From worker 5:	Nbr resample: 24799 
	From worker 2:	ESS: 220.2550
	From worker 2:	Nbr resample: 24799 
	From worker 3:	ESS: 218.4279
	From worker 3:	Nbr resample: 24799 
	From worker 4:	ESS: 209.0298
	From worker 4:	Nbr resample: 24799 
	From worker 5:	ESS: 217.3113
	From worker 5:	Nbr resample: 24799 
	From worker 3:	ESS: 210.0697
	From worker 3:	Nbr resample: 24799 
	From worker 2:	ESS: 189.0056
	From worker 2:	Nbr resample: 24799 
Percentage done: 70.00 % 
Acceptance rate on iteration 13001 to 14000 is 0.1812
Covariance:
[0.0246527 -0.00304321 4.8e-6 0.00202395 0.000443858 0.000375314 0.00344256; -0.00304321 0.000928191 3.62115e-6 -0.000685078 -0.000159502 -0.000294889 -0.00102078; 4.8e-6 3.62115e-6 2.81226e-5 -1.02815e-5 7.08029e-6 -2.3621e-5 -1.71234e-5; 0.00202395 -0.000685078 -1.02815e-5 0.0322233 0.00786562 -0.0108279 0.000584775; 0.000443858 -0.000159502 7.08029e-6 0.00786562 0.00193535 -0.00267486 0.000144545; 0.000375314 -0.000294889 -2.3621e-5 -0.0108279 -0.00267486 0.00522258 0.0012043; 0.00344256 -0.00102078 -1.71234e-5 0.000584775 0.000144545 0.0012043 0.00244482]
Loglik: -168774.0547 
Loglik values on different cores:
[-1.68796e5,-1.68798e5,-1.68817e5,-1.6881e5]
	From worker 3:	ESS: 205.7264
	From worker 3:	Nbr resample: 24799 
	From worker 2:	ESS: 193.3206
	From worker 2:	Nbr resample: 24799 
	From worker 4:	ESS: 193.9064
	From worker 4:	Nbr resample: 24799 
	From worker 5:	ESS: 200.3703
	From worker 5:	Nbr resample: 24799 
	From worker 2:	ESS: 212.6540
	From worker 2:	Nbr resample: 24799 
	From worker 3:	ESS: 203.4407
	From worker 3:	Nbr resample: 24799 
	From worker 4:	ESS: 203.9094
	From worker 4:	Nbr resample: 24799 
	From worker 5:	ESS: 183.8656
	From worker 5:	Nbr resample: 24799 
Percentage done: 75.00 % 
Acceptance rate on iteration 14001 to 15000 is 0.2072
Covariance:
[0.0373011 -0.00431739 4.54752e-5 0.000114652 -6.07569e-5 0.00192237 0.00545826; -0.00431739 0.00111743 1.48094e-5 -0.000543071 -0.000117691 -0.000452356 -0.00126473; 4.54752e-5 1.48094e-5 2.89093e-5 -8.2732e-5 -1.18756e-5 4.75022e-6 -9.7585e-6; 0.000114652 -0.000543071 -8.2732e-5 0.0322355 0.00785502 -0.0109246 -6.14859e-5; -6.07569e-5 -0.000117691 -1.18756e-5 0.00785502 0.00192915 -0.00270275 -3.8639e-5; 0.00192237 -0.000452356 4.75022e-6 -0.0109246 -0.00270275 0.00530307 0.00147121; 0.00545826 -0.00126473 -9.7585e-6 -6.14859e-5 -3.8639e-5 0.00147121 0.0029731]
Loglik: -168769.2475 
Loglik values on different cores:
[-1.6885e5,-1.68807e5,-168815.0,-1.68811e5]
	From worker 5:	ESS: 176.2970
	From worker 5:	Nbr resample: 24799 
	From worker 4:	ESS: 180.6327
	From worker 4:	Nbr resample: 24799 
	From worker 3:	ESS: 185.3515
	From worker 3:	Nbr resample: 24799 
	From worker 2:	ESS: 176.7885
	From worker 2:	Nbr resample: 24799 
	From worker 5:	ESS: 202.4557
	From worker 5:	Nbr resample: 24799 
	From worker 4:	ESS: 185.7858
	From worker 4:	Nbr resample: 24799 
	From worker 3:	ESS: 183.9104
	From worker 3:	Nbr resample: 24799 
	From worker 2:	ESS: 153.1595
	From worker 2:	Nbr resample: 24799 
Percentage done: 80.00 % 
Acceptance rate on iteration 15001 to 16000 is 0.1742
Covariance:
[0.0338622 -0.00449994 6.62957e-6 0.00140864 0.000248817 0.00155273 0.00551039; -0.00449994 0.00130338 1.21938e-5 -0.000411873 -8.86193e-5 -0.000622762 -0.00151655; 6.62957e-6 1.21938e-5 3.16751e-5 -8.16919e-5 -9.43851e-6 1.15841e-6 -1.0503e-5; 0.00140864 -0.000411873 -8.16919e-5 0.0352119 0.00852713 -0.012494 -0.000168659; 0.000248817 -8.86193e-5 -9.43851e-6 0.00852713 0.00207992 -0.00306738 -6.42438e-5; 0.00155273 -0.000622762 1.15841e-6 -0.012494 -0.00306738 0.00611967 0.00175545; 0.00551039 -0.00151655 -1.0503e-5 -0.000168659 -6.42438e-5 0.00175545 0.00333139]
Loglik: -168808.8222 
Loglik values on different cores:
[-1.68818e5,-1.68796e5,-1.68833e5,-1.68793e5]
	From worker 4:	ESS: 134.3559
	From worker 4:	Nbr resample: 24799 
	From worker 5:	ESS: 194.9588
	From worker 5:	Nbr resample: 24799 
	From worker 2:	ESS: 176.4016
	From worker 2:	Nbr resample: 24799 
	From worker 3:	ESS: 144.9475
	From worker 3:	Nbr resample: 24799 
	From worker 5:	ESS: 183.5039
	From worker 5:	Nbr resample: 24799 
	From worker 4:	ESS: 146.2582
	From worker 4:	Nbr resample: 24799 
	From worker 3:	ESS: 171.0844
	From worker 3:	Nbr resample: 24799 
	From worker 2:	ESS: 170.0834
	From worker 2:	Nbr resample: 24799 
Percentage done: 85.00 % 
Acceptance rate on iteration 16001 to 17000 is 0.1722
Covariance:
[0.032255 -0.00415638 4.07506e-5 -0.00122011 -0.000323451 0.00165458 0.00447829; -0.00415638 0.00122266 -4.68837e-6 -8.47475e-5 -1.67839e-5 -0.00060735 -0.00136623; 4.07506e-5 -4.68837e-6 2.91101e-5 -0.000121404 -1.9016e-5 2.22756e-5 2.56503e-5; -0.00122011 -8.47475e-5 -0.000121404 0.0469363 0.0113202 -0.0163926 -0.000701881; -0.000323451 -1.67839e-5 -1.9016e-5 0.0113202 0.00274631 -0.00399936 -0.000182543; 0.00165458 -0.00060735 2.22756e-5 -0.0163926 -0.00399936 0.00738566 0.00179003; 0.00447829 -0.00136623 2.56503e-5 -0.000701881 -0.000182543 0.00179003 0.00309954]
Loglik: -168771.3586 
Loglik values on different cores:
[-1.6881e5,-1.68815e5,-1.68806e5,-1.68789e5]
	From worker 3:	ESS: 199.7959
	From worker 3:	Nbr resample: 24799 
	From worker 2:	ESS: 174.8065
	From worker 2:	Nbr resample: 24799 
	From worker 5:	ESS: 154.1284
	From worker 5:	Nbr resample: 24799 
	From worker 4:	ESS: 184.2020
	From worker 4:	Nbr resample: 24799 
	From worker 3:	ESS: 200.7662
	From worker 3:	Nbr resample: 24799 
	From worker 2:	ESS: 182.1873
	From worker 2:	Nbr resample: 24799 
	From worker 5:	ESS: 194.3862
	From worker 5:	Nbr resample: 24799 
	From worker 4:	ESS: 206.6220
	From worker 4:	Nbr resample: 24799 
Percentage done: 90.00 % 
Acceptance rate on iteration 17001 to 18000 is 0.1612
Covariance:
[0.033362 -0.00434552 3.5553e-5 -0.00344559 -0.000901432 0.00260767 0.00461996; -0.00434552 0.00123293 -1.42711e-5 -0.000361993 -7.81281e-5 -0.00052146 -0.00143207; 3.5553e-5 -1.42711e-5 2.92811e-5 -7.53359e-5 -1.01142e-5 6.92811e-6 3.44765e-5; -0.00344559 -0.000361993 -7.53359e-5 0.0537745 0.0130609 -0.0181806 -0.000213514; -0.000901432 -7.81281e-5 -1.01142e-5 0.0130609 0.00318827 -0.00445269 -5.83624e-5; 0.00260767 -0.00052146 6.92811e-6 -0.0181806 -0.00445269 0.0077479 0.00162805; 0.00461996 -0.00143207 3.44765e-5 -0.000213514 -5.83624e-5 0.00162805 0.00317673]
Loglik: -168790.0206 
Loglik values on different cores:
[-1.68826e5,-1.68823e5,-1.68775e5,-1.68815e5]
	From worker 3:	ESS: 198.4164
	From worker 3:	Nbr resample: 24799 
	From worker 2:	ESS: 173.5500
	From worker 2:	Nbr resample: 24799 
	From worker 5:	ESS: 202.4248
	From worker 5:	Nbr resample: 24799 
	From worker 4:	ESS: 217.1399
	From worker 4:	Nbr resample: 24799 
	From worker 3:	ESS: 182.5422
	From worker 3:	Nbr resample: 24799 
	From worker 2:	ESS: 208.3685
	From worker 2:	Nbr resample: 24799 
	From worker 4:	ESS: 189.3970
	From worker 4:	Nbr resample: 24799 
	From worker 5:	ESS: 205.9543
	From worker 5:	Nbr resample: 24799 
Percentage done: 95.00 % 
Acceptance rate on iteration 18001 to 19000 is 0.1371
Covariance:
[0.0333269 -0.00483443 -1.42092e-5 -0.0016119 -0.000422505 0.00203229 0.00517708; -0.00483443 0.00138096 2.13931e-6 -0.000465954 -0.000102699 -0.000543445 -0.00158039; -1.42092e-5 2.13931e-6 2.99771e-5 -8.67423e-5 -1.30034e-5 1.49872e-5 -2.19616e-7; -0.0016119 -0.000465954 -8.67423e-5 0.050233 0.0122211 -0.017487 -0.000735063; -0.000422505 -0.000102699 -1.30034e-5 0.0122211 0.0029887 -0.00428716 -0.000186166; 0.00203229 -0.000543445 1.49872e-5 -0.017487 -0.00428716 0.00775984 0.00183398; 0.00517708 -0.00158039 -2.19616e-7 -0.000735063 -0.000186166 0.00183398 0.00332273]
Loglik: -168839.2894 
Loglik values on different cores:
[-1.68884e5,-168857.0,-1.68864e5,-1.68889e5]
	From worker 4:	ESS: 215.4103
	From worker 4:	Nbr resample: 24799 
	From worker 5:	ESS: 217.6598
	From worker 5:	Nbr resample: 24799 
	From worker 3:	ESS: 145.6601
	From worker 3:	Nbr resample: 24799 
	From worker 2:	ESS: 180.7921
	From worker 2:	Nbr resample: 24799 
	From worker 5:	ESS: 178.3432
	From worker 5:	Nbr resample: 24799 
	From worker 4:	ESS: 206.9224
	From worker 4:	Nbr resample: 24799 
	From worker 3:	ESS: 202.8057
	From worker 3:	Nbr resample: 24799 
	From worker 2:	ESS: 184.7973
	From worker 2:	Nbr resample: 24799 
Ending MCMC with adaptive RW estimating 7 parameters
Algorithm: MCWM
Adaptation algorithm: AMUpdate_gen
Prior distribution: Normal
Particel filter: parallel_bootstrap, on 4 cores
#####################################################################
elapsed time: 91055.809582978 seconds
