run Normal prior model
#####################################################################
Starting MCMC with adaptive RW estimating 7 parameters
Algorithm: MCWM
Adaptation algorithm: AMUpdate_gen
Prior distribution: Normal
Particel filter: parallel_bootstrap, on 10 cores
Iteration: 1
Covariance:
[0.142857 0.0 0.0 0.0 0.0 0.0 0.0; 0.0 0.142857 0.0 0.0 0.0 0.0 0.0; 0.0 0.0 0.142857 0.0 0.0 0.0 0.0; 0.0 0.0 0.0 0.142857 0.0 0.0 0.0; 0.0 0.0 0.0 0.0 0.142857 0.0 0.0; 0.0 0.0 0.0 0.0 0.0 0.142857 0.0; 0.0 0.0 0.0 0.0 0.0 0.0 0.142857]
	From worker 11:	ESS: 173.1187
	From worker 6:	ESS: 179.0885
	From worker 11:	Nbr resample: 24799 
	From worker 6:	Nbr resample: 24799 
	From worker 7:	ESS: 179.6607
	From worker 3:	ESS: 170.7090
	From worker 7:	Nbr resample: 24799 
	From worker 3:	Nbr resample: 24799 
	From worker 2:	ESS: 175.2831
	From worker 5:	ESS: 178.5998
	From worker 2:	Nbr resample: 24799 
	From worker 5:	Nbr resample: 24799 
	From worker 4:	ESS: 170.2728
	From worker 4:	Nbr resample: 24799 
	From worker 10:	ESS: 170.5350
	From worker 10:	Nbr resample: 24799 
	From worker 9:	ESS: 168.0726
	From worker 8:	ESS: 177.4031
	From worker 9:	Nbr resample: 24799 
	From worker 8:	Nbr resample: 24799 
Loglik: -164205.3483 
Percentage done: 50.00 % 
Acceptance rate on iteration 1 to 100 is 0.0101
Covariance:
[0.00275598 1.10294e-6 2.60122e-6 -4.63064e-6 2.28388e-6 3.54659e-7 4.0342e-6; 1.10294e-6 0.00275608 2.71735e-6 -4.83737e-6 2.38584e-6 3.70492e-7 4.2143e-6; 2.60122e-6 2.71735e-6 0.00276134 -1.14087e-5 5.62687e-6 8.73784e-7 9.93919e-6; -4.63064e-6 -4.83737e-6 -1.14087e-5 0.00277524 -1.00168e-5 -1.55549e-6 -1.76935e-5; 2.28388e-6 2.38584e-6 5.62687e-6 -1.00168e-5 0.00275987 7.67185e-7 8.72663e-6; 3.54659e-7 3.70492e-7 8.73784e-7 -1.55549e-6 7.67185e-7 0.00275505 1.35514e-6; 4.0342e-6 4.2143e-6 9.93919e-6 -1.76935e-5 8.72663e-6 1.35514e-6 0.00277034]
Loglik: -164188.2037 
Loglik values on different cores:
[-1.64187e5,-1.64227e5,-1.6421e5,-1.64206e5,-1.64197e5,-1.64212e5,-1.64191e5,-1.64211e5,-1.64195e5,-1.64208e5]
	From worker 4:	ESS: 178.5767
	From worker 4:	Nbr resample: 24799 
	From worker 7:	ESS: 173.4978
	From worker 7:	Nbr resample: 24799 
	From worker 2:	ESS: 171.2347
	From worker 2:	Nbr resample: 24799 
	From worker 11:	ESS: 176.0085
	From worker 11:	Nbr resample: 24799 
	From worker 8:	ESS: 170.3810
	From worker 8:	Nbr resample: 24799 
	From worker 9:	ESS: 174.0493
	From worker 9:	Nbr resample: 24799 
	From worker 10:	ESS: 178.4838
	From worker 10:	Nbr resample: 24799 
	From worker 6:	ESS: 167.5190
	From worker 6:	Nbr resample: 24799 
	From worker 5:	ESS: 167.6791
	From worker 5:	Nbr resample: 24799 
	From worker 3:	ESS: 168.4106
	From worker 3:	Nbr resample: 24799 
	From worker 4:	ESS: 166.8396
	From worker 4:	Nbr resample: 24799 
	From worker 7:	ESS: 171.4120
	From worker 7:	Nbr resample: 24799 
	From worker 6:	ESS: 178.2897
	From worker 6:	Nbr resample: 24799 
	From worker 2:	ESS: 180.5670
	From worker 2:	Nbr resample: 24799 
	From worker 8:	ESS: 167.5160
	From worker 8:	Nbr resample: 24799 
	From worker 10:	ESS: 174.7994
	From worker 10:	Nbr resample: 24799 
	From worker 5:	ESS: 176.1980
	From worker 5:	Nbr resample: 24799 
	From worker 11:	ESS: 175.3691
	From worker 11:	Nbr resample: 24799 
	From worker 9:	ESS: 179.6581
	From worker 9:	Nbr resample: 24799 
	From worker 3:	ESS: 176.5735
	From worker 3:	Nbr resample: 24799 
Ending MCMC with adaptive RW estimating 7 parameters
Algorithm: MCWM
Adaptation algorithm: AMUpdate_gen
Prior distribution: Normal
Particel filter: parallel_bootstrap, on 10 cores
#####################################################################
elapsed time: 770.302492029 seconds
