run Normal prior model
#####################################################################
Starting MCMC with adaptive RW estimating 4 parameters
Algorithm: MCWM
Adaptation algorithm: AMUpdate_gen
Prior distribution: Normal
Particel filter: parallel_bootstrap, on 10 cores
Iteration: 1
Covariance:
[0.25 0.0 0.0 0.0; 0.0 0.25 0.0 0.0; 0.0 0.0 0.25 0.0; 0.0 0.0 0.0 0.25]
	From worker 2:	ESS: 108.9588
	From worker 2:	Nbr resample: 24799 
	From worker 3:	ESS: 129.8508
	From worker 3:	Nbr resample: 24799 
	From worker 8:	ESS: 121.5349
	From worker 8:	Nbr resample: 24799 
	From worker 10:	ESS: 117.6587
	From worker 10:	Nbr resample: 24799 
	From worker 5:	ESS: 124.4484
	From worker 5:	Nbr resample: 24799 
	From worker 4:	ESS: 131.6275
	From worker 4:	Nbr resample: 24799 
	From worker 9:	ESS: 113.1634
	From worker 9:	Nbr resample: 24799 
	From worker 11:	ESS: 101.7517
	From worker 11:	Nbr resample: 24799 
	From worker 7:	ESS: 117.9959
	From worker 7:	Nbr resample: 24799 
	From worker 6:	ESS: 124.4150
	From worker 6:	Nbr resample: 24799 
Loglik: -231918.0643 
Percentage done: 10.00 % 
Acceptance rate on iteration 1 to 100 is 0.1414
Covariance:
[0.0114884 0.000806421 0.00543391 0.00541758; 0.000806421 0.00597907 0.000323474 0.000622652; 0.00543391 0.000323474 0.0113769 0.00460123; 0.00541758 0.000622652 0.00460123 0.0106262]
Loglik: -164171.4880 
Loglik values on different cores:
[-164213.0,-164197.0,-164190.0,-1.64218e5,-1.64203e5,-1.64238e5,-164211.0,-1.64191e5,-1.64196e5,-1.64187e5]
	From worker 2:	ESS: 163.6734
	From worker 2:	Nbr resample: 24799 
	From worker 7:	ESS: 167.3407
	From worker 7:	Nbr resample: 24799 
	From worker 4:	ESS: 157.7651
	From worker 4:	Nbr resample: 24799 
	From worker 10:	ESS: 169.4329
	From worker 10:	Nbr resample: 24799 
	From worker 6:	ESS: 159.4868
	From worker 6:	Nbr resample: 24799 
	From worker 3:	ESS: 170.4072
	From worker 3:	Nbr resample: 24799 
	From worker 8:	ESS: 173.7479
	From worker 8:	Nbr resample: 24799 
	From worker 5:	ESS: 168.9950
	From worker 5:	Nbr resample: 24799 
	From worker 9:	ESS: 162.0404
	From worker 9:	Nbr resample: 24799 
	From worker 11:	ESS: 166.7373
	From worker 11:	Nbr resample: 24799 
	From worker 4:	ESS: 157.0824
	From worker 4:	Nbr resample: 24799 
	From worker 7:	ESS: 166.6917
	From worker 7:	Nbr resample: 24799 
	From worker 10:	ESS: 157.8671
	From worker 10:	Nbr resample: 24799 
	From worker 8:	ESS: 164.1789
	From worker 8:	Nbr resample: 24799 
	From worker 9:	ESS: 160.4886
	From worker 9:	Nbr resample: 24799 
	From worker 6:	ESS: 161.7555
	From worker 6:	Nbr resample: 24799 
	From worker 11:	ESS: 161.8705
	From worker 11:	Nbr resample: 24799 
	From worker 3:	ESS: 166.0162
	From worker 3:	Nbr resample: 24799 
	From worker 5:	ESS: 163.4096
	From worker 5:	Nbr resample: 24799 
	From worker 2:	ESS: 167.3158
	From worker 2:	Nbr resample: 24799 
Percentage done: 20.00 % 
Acceptance rate on iteration 101 to 200 is 0.0808
Covariance:
[0.00195575 0.000259572 0.000238878 0.00148981; 0.000259572 0.000727021 -2.81088e-6 0.000190009; 0.000238878 -2.81088e-6 0.00131744 1.14639e-5; 0.00148981 0.000190009 1.14639e-5 0.00250668]
Loglik: -163573.3751 
Loglik values on different cores:
[-1.63633e5,-163664.0,-1.63643e5,-1.63655e5,-1.63664e5,-163603.0,-1.63621e5,-1.63616e5,-1.63655e5,-1.63639e5]
	From worker 4:	ESS: 155.4974
	From worker 4:	Nbr resample: 24799 
	From worker 7:	ESS: 169.6538
	From worker 7:	Nbr resample: 24799 
	From worker 3:	ESS: 152.6745
	From worker 3:	Nbr resample: 24799 
	From worker 8:	ESS: 150.8141
	From worker 8:	Nbr resample: 24799 
	From worker 6:	ESS: 164.7623
	From worker 6:	Nbr resample: 24799 
	From worker 5:	ESS: 167.6808
	From worker 5:	Nbr resample: 24799 
	From worker 10:	ESS: 160.8087
	From worker 10:	Nbr resample: 24799 
	From worker 2:	ESS: 148.8846
	From worker 2:	Nbr resample: 24799 
	From worker 11:	ESS: 152.6554
	From worker 11:	Nbr resample: 24799 
	From worker 9:	ESS: 163.3132
	From worker 9:	Nbr resample: 24799 
	From worker 2:	ESS: 157.7597
	From worker 2:	Nbr resample: 24799 
	From worker 10:	ESS: 158.6024
	From worker 10:	Nbr resample: 24799 
	From worker 9:	ESS: 150.9909
	From worker 9:	Nbr resample: 24799 
	From worker 11:	ESS: 158.2427
	From worker 11:	Nbr resample: 24799 
	From worker 8:	ESS: 154.9963
	From worker 8:	Nbr resample: 24799 
	From worker 7:	ESS: 150.1198
	From worker 7:	Nbr resample: 24799 
	From worker 4:	ESS: 153.0937
	From worker 4:	Nbr resample: 24799 
	From worker 6:	ESS: 167.2016
	From worker 6:	Nbr resample: 24799 
	From worker 5:	ESS: 158.1848
	From worker 5:	Nbr resample: 24799 
	From worker 3:	ESS: 160.4779
	From worker 3:	Nbr resample: 24799 
Percentage done: 30.00 % 
Acceptance rate on iteration 201 to 300 is 0.1515
Covariance:
[0.000592736 9.38796e-5 4.75509e-5 0.000454641; 9.38796e-5 0.000199942 -7.70121e-6 7.38729e-5; 4.75509e-5 -7.70121e-6 0.00034853 -2.35054e-5; 0.000454641 7.38729e-5 -2.35054e-5 0.000757211]
Loglik: -163610.2438 
Loglik values on different cores:
[-1.63681e5,-163649.0,-1.63652e5,-1.63684e5,-1.63686e5,-1.63644e5,-1.63679e5,-1.6364e5,-163622.0,-1.63651e5]
	From worker 2:	ESS: 149.6492
	From worker 2:	Nbr resample: 24799 
	From worker 6:	ESS: 158.2092
	From worker 6:	Nbr resample: 24799 
	From worker 9:	ESS: 158.7168
	From worker 9:	Nbr resample: 24799 
	From worker 3:	ESS: 153.2597
	From worker 3:	Nbr resample: 24799 
	From worker 10:	ESS: 155.5558
	From worker 10:	Nbr resample: 24799 
	From worker 4:	ESS: 165.2688
	From worker 4:	Nbr resample: 24799 
	From worker 7:	ESS: 160.5352
	From worker 7:	Nbr resample: 24799 
	From worker 8:	ESS: 151.8375
	From worker 8:	Nbr resample: 24799 
	From worker 11:	ESS: 152.0506
	From worker 11:	Nbr resample: 24799 
	From worker 5:	ESS: 156.1963
	From worker 5:	Nbr resample: 24799 
	From worker 4:	ESS: 154.9591
	From worker 4:	Nbr resample: 24799 
	From worker 10:	ESS: 160.1203
	From worker 10:	Nbr resample: 24799 
	From worker 8:	ESS: 160.8165
	From worker 8:	Nbr resample: 24799 
	From worker 7:	ESS: 151.1116
	From worker 7:	Nbr resample: 24799 
	From worker 3:	ESS: 154.2455
	From worker 3:	Nbr resample: 24799 
	From worker 11:	ESS: 160.1797
	From worker 11:	Nbr resample: 24799 
	From worker 5:	ESS: 168.9267
	From worker 5:	Nbr resample: 24799 
	From worker 2:	ESS: 166.6230
	From worker 2:	Nbr resample: 24799 
	From worker 6:	ESS: 154.6026
	From worker 6:	Nbr resample: 24799 
	From worker 9:	ESS: 159.6377
	From worker 9:	Nbr resample: 24799 
Percentage done: 40.00 % 
Acceptance rate on iteration 301 to 400 is 0.2828
Covariance:
[0.00151376 -0.000149821 3.35913e-5 0.000124012; -0.000149821 0.000129766 -6.65891e-6 5.37566e-5; 3.35913e-5 -6.65891e-6 0.000162178 -1.45057e-5; 0.000124012 5.37566e-5 -1.45057e-5 0.000367091]
Loglik: -163572.3865 
Loglik values on different cores:
[-1.63575e5,-1.6359e5,-1.63619e5,-1.63604e5,-1.63605e5,-163609.0,-1.63604e5,-1.63637e5,-1.63657e5,-1.63605e5]
	From worker 11:	ESS: 160.3081
	From worker 11:	Nbr resample: 24799 
	From worker 5:	ESS: 162.2769
	From worker 5:	Nbr resample: 24799 
	From worker 7:	ESS: 155.4178
	From worker 7:	Nbr resample: 24799 
	From worker 6:	ESS: 153.7373
	From worker 6:	Nbr resample: 24799 
	From worker 4:	ESS: 154.4197
	From worker 4:	Nbr resample: 24799 
	From worker 2:	ESS: 160.8400
	From worker 2:	Nbr resample: 24799 
	From worker 9:	ESS: 146.6420
	From worker 9:	Nbr resample: 24799 
	From worker 8:	ESS: 160.6924
	From worker 8:	Nbr resample: 24799 
	From worker 10:	ESS: 155.3870
	From worker 10:	Nbr resample: 24799 
	From worker 3:	ESS: 153.2758
	From worker 3:	Nbr resample: 24799 
	From worker 7:	ESS: 156.4371
	From worker 7:	Nbr resample: 24799 
	From worker 3:	ESS: 149.6654
	From worker 3:	Nbr resample: 24799 
	From worker 4:	ESS: 151.8895
	From worker 4:	Nbr resample: 24799 
	From worker 2:	ESS: 155.9561
	From worker 2:	Nbr resample: 24799 
	From worker 6:	ESS: 155.1244
	From worker 6:	Nbr resample: 24799 
	From worker 8:	ESS: 159.5175
	From worker 8:	Nbr resample: 24799 
	From worker 10:	ESS: 152.5899
	From worker 10:	Nbr resample: 24799 
	From worker 9:	ESS: 151.1441
	From worker 9:	Nbr resample: 24799 
	From worker 5:	ESS: 156.9974
	From worker 5:	Nbr resample: 24799 
	From worker 11:	ESS: 160.9539
	From worker 11:	Nbr resample: 24799 
Percentage done: 50.00 % 
Acceptance rate on iteration 401 to 500 is 0.2929
Covariance:
[0.00133524 -5.22308e-5 3.27153e-5 4.31804e-5; -5.22308e-5 9.26047e-5 -3.91446e-6 3.52305e-5; 3.27153e-5 -3.91446e-6 8.89363e-5 -8.73368e-6; 4.31804e-5 3.52305e-5 -8.73368e-6 0.000207136]
Loglik: -163549.0887 
Loglik values on different cores:
[-1.63631e5,-1.63599e5,-1.63649e5,-1.6363e5,-1.63588e5,-1.63638e5,-1.63633e5,-1.63598e5,-1.63651e5,-1.63648e5]
	From worker 7:	ESS: 148.9395
	From worker 7:	Nbr resample: 24799 
	From worker 10:	ESS: 148.6458
	From worker 10:	Nbr resample: 24799 
	From worker 8:	ESS: 161.7450
	From worker 8:	Nbr resample: 24799 
	From worker 11:	ESS: 158.7125
	From worker 11:	Nbr resample: 24799 
	From worker 5:	ESS: 154.3450
	From worker 5:	Nbr resample: 24799 
	From worker 6:	ESS: 153.8546
	From worker 6:	Nbr resample: 24799 
	From worker 4:	ESS: 156.3523
	From worker 4:	Nbr resample: 24799 
	From worker 3:	ESS: 156.4262
	From worker 3:	Nbr resample: 24799 
	From worker 2:	ESS: 157.9852
	From worker 2:	Nbr resample: 24799 
	From worker 9:	ESS: 149.1647
	From worker 9:	Nbr resample: 24799 
	From worker 4:	ESS: 155.0158
	From worker 4:	Nbr resample: 24799 
	From worker 2:	ESS: 146.6444
	From worker 2:	Nbr resample: 24799 
	From worker 7:	ESS: 154.3012
	From worker 7:	Nbr resample: 24799 
	From worker 8:	ESS: 160.3140
	From worker 8:	Nbr resample: 24799 
	From worker 5:	ESS: 157.4302
	From worker 5:	Nbr resample: 24799 
	From worker 9:	ESS: 155.9408
	From worker 9:	Nbr resample: 24799 
	From worker 6:	ESS: 155.3500
	From worker 6:	Nbr resample: 24799 
	From worker 3:	ESS: 149.3400
	From worker 3:	Nbr resample: 24799 
	From worker 11:	ESS: 144.4914
	From worker 11:	Nbr resample: 24799 
	From worker 10:	ESS: 154.4432
	From worker 10:	Nbr resample: 24799 
Percentage done: 60.00 % 
Acceptance rate on iteration 501 to 600 is 0.3737
Covariance:
[0.00147492 0.000106518 3.25497e-5 -3.79807e-6; 0.000106518 0.000108985 -2.15556e-7 1.45358e-5; 3.25497e-5 -2.15556e-7 6.20848e-5 -7.46273e-6; -3.79807e-6 1.45358e-5 -7.46273e-6 0.000147545]
Loglik: -163580.9301 
Loglik values on different cores:
[-163616.0,-1.63633e5,-1.637e5,-1.63636e5,-1.6364e5,-1.6358e5,-1.6362e5,-1.63688e5,-1.6362e5,-1.63607e5]
	From worker 4:	ESS: 150.8293
	From worker 4:	Nbr resample: 24799 
	From worker 7:	ESS: 145.2759
	From worker 7:	Nbr resample: 24799 
	From worker 10:	ESS: 154.5098
	From worker 10:	Nbr resample: 24799 
	From worker 9:	ESS: 147.2637
	From worker 9:	Nbr resample: 24799 
	From worker 11:	ESS: 152.6657
	From worker 11:	Nbr resample: 24799 
	From worker 8:	ESS: 152.7510
	From worker 8:	Nbr resample: 24799 
	From worker 2:	ESS: 151.7417
	From worker 2:	Nbr resample: 24799 
	From worker 3:	ESS: 154.3103
	From worker 3:	Nbr resample: 24799 
	From worker 6:	ESS: 156.3820
	From worker 6:	Nbr resample: 24799 
	From worker 5:	ESS: 149.7778
	From worker 5:	Nbr resample: 24799 
	From worker 2:	ESS: 157.4107
	From worker 2:	Nbr resample: 24799 
	From worker 3:	ESS: 157.3502
	From worker 3:	Nbr resample: 24799 
	From worker 8:	ESS: 159.8238
	From worker 8:	Nbr resample: 24799 
	From worker 6:	ESS: 146.9704
	From worker 6:	Nbr resample: 24799 
	From worker 5:	ESS: 149.4053
	From worker 5:	Nbr resample: 24799 
	From worker 4:	ESS: 152.7911
	From worker 4:	Nbr resample: 24799 
	From worker 7:	ESS: 159.6439
	From worker 7:	Nbr resample: 24799 
	From worker 10:	ESS: 149.0175
	From worker 10:	Nbr resample: 24799 
	From worker 11:	ESS: 153.2116
	From worker 11:	Nbr resample: 24799 
	From worker 9:	ESS: 153.9916
	From worker 9:	Nbr resample: 24799 
Percentage done: 70.00 % 
Acceptance rate on iteration 601 to 700 is 0.3838
Covariance:
[0.00274694 8.82541e-5 3.71692e-5 2.58819e-5; 8.82541e-5 9.6478e-5 1.79889e-6 8.50843e-6; 3.71692e-5 1.79889e-6 4.70409e-5 -5.68407e-6; 2.58819e-5 8.50843e-6 -5.68407e-6 0.000117826]
Loglik: -163598.9889 
Loglik values on different cores:
[-1.63645e5,-1.63627e5,-1.63674e5,-1.63589e5,-1.63657e5,-1.63647e5,-1.63614e5,-1.63658e5,-1.63623e5,-1.63616e5]
	From worker 4:	ESS: 157.4194
	From worker 4:	Nbr resample: 24799 
	From worker 2:	ESS: 157.9719
	From worker 2:	Nbr resample: 24799 
	From worker 7:	ESS: 153.7450
	From worker 7:	Nbr resample: 24799 
	From worker 6:	ESS: 146.5346
	From worker 6:	Nbr resample: 24799 
	From worker 3:	ESS: 149.9899
	From worker 3:	Nbr resample: 24799 
	From worker 10:	ESS: 154.1573
	From worker 10:	Nbr resample: 24799 
	From worker 5:	ESS: 142.7911
	From worker 5:	Nbr resample: 24799 
	From worker 9:	ESS: 150.6577
	From worker 9:	Nbr resample: 24799 
	From worker 8:	ESS: 150.7834
	From worker 8:	Nbr resample: 24799 
	From worker 11:	ESS: 151.8246
	From worker 11:	Nbr resample: 24799 
	From worker 8:	ESS: 154.6089
	From worker 8:	Nbr resample: 24799 
	From worker 10:	ESS: 144.2287
	From worker 10:	Nbr resample: 24799 
	From worker 4:	ESS: 153.9585
	From worker 4:	Nbr resample: 24799 
	From worker 6:	ESS: 149.0385
	From worker 6:	Nbr resample: 24799 
	From worker 11:	ESS: 145.9054
	From worker 11:	Nbr resample: 24799 
	From worker 9:	ESS: 158.2460
	From worker 9:	Nbr resample: 24799 
	From worker 5:	ESS: 159.1513
	From worker 5:	Nbr resample: 24799 
	From worker 3:	ESS: 155.0830
	From worker 3:	Nbr resample: 24799 
	From worker 7:	ESS: 150.5331
	From worker 7:	Nbr resample: 24799 
	From worker 2:	ESS: 161.3238
	From worker 2:	Nbr resample: 24799 
Percentage done: 80.00 % 
Acceptance rate on iteration 701 to 800 is 0.3737
Covariance:
[0.00269273 7.66434e-5 -8.60425e-6 1.0292e-5; 7.66434e-5 9.05891e-5 1.2933e-6 -2.10165e-6; -8.60425e-6 1.2933e-6 4.10429e-5 -9.72643e-6; 1.0292e-5 -2.10165e-6 -9.72643e-6 0.000109267]
Loglik: -163569.0372 
Loglik values on different cores:
[-1.63613e5,-1.6363e5,-1.63609e5,-1.63589e5,-1.63621e5,-1.63621e5,-1.63617e5,-1.63672e5,-1.63638e5,-1.63613e5]
	From worker 7:	ESS: 158.4578
	From worker 7:	Nbr resample: 24799 
	From worker 2:	ESS: 158.2525
	From worker 2:	Nbr resample: 24799 
	From worker 3:	ESS: 159.7838
	From worker 3:	Nbr resample: 24799 
	From worker 8:	ESS: 157.0215
	From worker 8:	Nbr resample: 24799 
	From worker 5:	ESS: 161.1082
	From worker 5:	Nbr resample: 24799 
	From worker 4:	ESS: 148.0186
	From worker 4:	Nbr resample: 24799 
	From worker 11:	ESS: 153.7978
	From worker 11:	Nbr resample: 24799 
	From worker 6:	ESS: 153.9275
	From worker 6:	Nbr resample: 24799 
	From worker 9:	ESS: 154.1546
	From worker 10:	ESS: 155.9493
	From worker 10:	Nbr resample: 24799 
	From worker 9:	Nbr resample: 24799 
	From worker 4:	ESS: 159.7107
	From worker 4:	Nbr resample: 24799 
	From worker 2:	ESS: 155.6101
	From worker 2:	Nbr resample: 24799 
	From worker 6:	ESS: 159.7291
	From worker 6:	Nbr resample: 24799 
	From worker 8:	ESS: 151.1137
	From worker 8:	Nbr resample: 24799 
	From worker 11:	ESS: 151.7112
	From worker 11:	Nbr resample: 24799 
	From worker 10:	ESS: 155.6673
	From worker 10:	Nbr resample: 24799 
	From worker 5:	ESS: 158.7140
	From worker 5:	Nbr resample: 24799 
	From worker 9:	ESS: 161.8027
	From worker 9:	Nbr resample: 24799 
	From worker 3:	ESS: 166.4315
	From worker 3:	Nbr resample: 24799 
	From worker 7:	ESS: 156.5263
	From worker 7:	Nbr resample: 24799 
Percentage done: 90.00 % 
Acceptance rate on iteration 801 to 900 is 0.4545
Covariance:
[0.00366158 0.00010446 -2.30202e-5 5.29441e-5; 0.00010446 0.000182938 2.966e-6 -2.54577e-5; -2.30202e-5 2.966e-6 3.77518e-5 -1.21314e-5; 5.29441e-5 -2.54577e-5 -1.21314e-5 0.000104265]
Loglik: -163638.0875 
Loglik values on different cores:
[-1.63669e5,-1.6367e5,-1.63665e5,-1.63679e5,-1.63686e5,-1.63644e5,-1.63655e5,-1.63723e5,-1.63648e5,-1.63691e5]
	From worker 4:	ESS: 151.3548
	From worker 4:	Nbr resample: 24799 
	From worker 3:	ESS: 161.6071
	From worker 3:	Nbr resample: 24799 
	From worker 2:	ESS: 163.1518
	From worker 2:	Nbr resample: 24799 
	From worker 6:	ESS: 157.8989
	From worker 6:	Nbr resample: 24799 
	From worker 10:	ESS: 164.3710
	From worker 10:	Nbr resample: 24799 
	From worker 8:	ESS: 152.0127
	From worker 8:	Nbr resample: 24799 
	From worker 11:	ESS: 153.0165
	From worker 11:	Nbr resample: 24799 
	From worker 9:	ESS: 157.2521
	From worker 9:	Nbr resample: 24799 
	From worker 7:	ESS: 157.2448
	From worker 7:	Nbr resample: 24799 
	From worker 5:	ESS: 148.7167
	From worker 5:	Nbr resample: 24799 
	From worker 7:	ESS: 152.0595
	From worker 7:	Nbr resample: 24799 
	From worker 5:	ESS: 154.3678
	From worker 5:	Nbr resample: 24799 
	From worker 2:	ESS: 157.5284
	From worker 2:	Nbr resample: 24799 
	From worker 3:	ESS: 167.9364
	From worker 3:	Nbr resample: 24799 
	From worker 10:	ESS: 154.2537
	From worker 10:	Nbr resample: 24799 
	From worker 6:	ESS: 160.3558
	From worker 6:	Nbr resample: 24799 
	From worker 8:	ESS: 158.3907
	From worker 8:	Nbr resample: 24799 
	From worker 9:	ESS: 160.8455
	From worker 9:	Nbr resample: 24799 
	From worker 4:	ESS: 153.3920
	From worker 4:	Nbr resample: 24799 
	From worker 11:	ESS: 156.8381
	From worker 11:	Nbr resample: 24799 
Ending MCMC with adaptive RW estimating 4 parameters
Algorithm: MCWM
Adaptation algorithm: AMUpdate_gen
Prior distribution: Normal
Particel filter: parallel_bootstrap, on 10 cores
#####################################################################
elapsed time: 3821.380328584 seconds
