Mean:
[0.812679; 0.498312; 3.09518; 4.76858; 0.751082; 0.105764; 1.86359]
Std:
[0.18483; 0.0416535; 0.00598779; 0.403769; 0.0723197; 0.102933; 0.0646767]
[1.0273 0.804987 1.13624 0.965732 0.972216 1.0343 1.0366 0.939893 0.915212 0.910641; 0.459874 0.536414 0.432048 0.47989 0.495962 0.48235 0.480984 0.48946 0.497073 0.496; 3.08879 3.09379 3.09919 3.08991 3.08932 3.09031 3.09118 3.0881 3.09377 3.09295; 5.69733 5.60576 5.42411 5.45901 5.50773 5.44401 5.28206 5.25788 5.44316 5.1258; 0.915352 0.894918 0.863271 0.870534 0.877169 0.86539 0.843753 0.834467 0.869704 0.808282; -0.108789 -0.0916062 -0.0297381 -0.0568214 -0.0570339 -0.0301993 -0.0180127 -0.00602823 -0.045902 0.0364389; 1.91672 1.82418 1.93512 1.89116 1.87716 1.87968 1.84879 1.83675 1.86021 1.8326; -1.85887e5 -1.85823e5 -1.85849e5 -1.85818e5 -1.85812e5 -1.85811e5 -1.85826e5 -1.85839e5 -1.8582e5 -1.85833e5]Starting ml estimationLength of training data: 4900Start values for optimization:
[-2.21713e6; 3953.65; 37867.9; 1.2677e6; 85833.6; -4.31611e5; 19682.6; 15720.0; -316.998; -11461.1; -2.01076e5; -10077.9; -3.75963e5; -19861.4; -5815.49; -2111.63; -597.468; 123.13; -1819.42; -770.216; 181.473; -2851.21; 697.071; -5951.12; -1420.21; -7811.82; -24774.1; 1.32201e5; -138.502; -1144.69; 1.17072e5; 3643.72; -932.516; -73063.1; 21821.9; 12699.7; 3.31598; 2.96941; -1.69947; -3.18902; -5.12988; -0.941958; -2.66246; -2.30667; -2.74973]Iter     Function value   Gradient norm 
     0     3.446488e+04     1.279461e+07
     1     3.441249e+04     9.127687e+06
     2     3.249503e+04     6.607918e+02
     3     3.244265e+04     2.036734e+02
     4     3.223803e+04     3.471789e+02
     5     3.202357e+04     3.596631e+02
     6     3.198063e+04     1.340834e+02
     7     3.183778e+04     3.477198e+02
     8     3.180385e+04     9.526783e+01
     9     3.180362e+04     1.051814e+00
    10     3.180362e+04     1.859438e+00
Estimated parameters of the GP model:
Estimated Β:s:
[-2.21713e6,3953.65,37867.9,1.2677e6,85833.6,-4.31611e5,19682.6,15720.0,-316.997,-11461.1,-2.01076e5,-10077.8,-3.75963e5,-19861.4,-5815.48,-2111.63,-597.465,123.134,-1819.42,-770.215,181.475,-2851.21,697.072,-5951.12,-1420.21,-7811.82,-24774.1,1.32201e5,-138.501,-1144.68,1.17072e5,3643.72,-932.51,-73063.1,21821.9,12699.7]
Estimated log Φ:s:
[2.74528,-159.884,351.566,1492.74,10680.0,9.23681,277.174,342.373,1085.37]
elapsed time: 631.424172623 seconds
#####################################################################
Starting DA-GP-MCMC estimating 7 parameters 
MCMC algorithm: MCWM
Adaptation algorithm: noAdaptation
Prior distribution: Normal
Particle filter: parallel_bootstrap, on 10 cores
Nbr particles for particle filter: 500
Covariance - kernel_MH_direct:
[0.102884 -0.00605763 -8.09741e-5 -0.0105894 -0.00209147 0.0049231 0.0067002; -0.00605763 0.000828817 7.51904e-6 0.00162543 0.000306161 -0.000703315 -0.000886801; -8.09741e-5 7.51904e-6 1.52222e-5 -0.000207909 -3.48213e-5 4.20743e-5 -1.03083e-5; -0.0105894 0.00162543 -0.000207909 0.0677268 0.0123102 -0.0173296 -0.00196071; -0.00209147 0.000306161 -3.48213e-5 0.0123102 0.00224626 -0.00316884 -0.000366347; 0.0049231 -0.000703315 4.20743e-5 -0.0173296 -0.00316884 0.00478657 0.00108902; 0.0067002 -0.000886801 -1.03083e-5 -0.00196071 -0.000366347 0.00108902 0.00176891]
Iteration: 1
Covariance:
[0.148153 -0.00872299 -0.000116603 -0.0152488 -0.00301171 0.00708927 0.00964828; -0.00872299 0.0011935 1.08274e-5 0.00234062 0.000440872 -0.00101277 -0.00127699; -0.000116603 1.08274e-5 2.19199e-5 -0.000299389 -5.01426e-5 6.05869e-5 -1.48439e-5; -0.0152488 0.00234062 -0.000299389 0.0975266 0.0177267 -0.0249547 -0.00282342; -0.00301171 0.000440872 -5.01426e-5 0.0177267 0.00323462 -0.00456313 -0.000527539; 0.00708927 -0.00101277 6.05869e-5 -0.0249547 -0.00456313 0.00689266 0.0015682; 0.00964828 -0.00127699 -1.48439e-5 -0.00282342 -0.000527539 0.0015682 0.00254722]
Iteration: 1
Covariance:
[0.148153 -0.00872299 -0.000116603 -0.0152488 -0.00301171 0.00708927 0.00964828; -0.00872299 0.0011935 1.08274e-5 0.00234062 0.000440872 -0.00101277 -0.00127699; -0.000116603 1.08274e-5 2.19199e-5 -0.000299389 -5.01426e-5 6.05869e-5 -1.48439e-5; -0.0152488 0.00234062 -0.000299389 0.0975266 0.0177267 -0.0249547 -0.00282342; -0.00301171 0.000440872 -5.01426e-5 0.0177267 0.00323462 -0.00456313 -0.000527539; 0.00708927 -0.00101277 6.05869e-5 -0.0249547 -0.00456313 0.00689266 0.0015682; 0.00964828 -0.00127699 -1.48439e-5 -0.00282342 -0.000527539 0.0015682 0.00254722]
Loglik start: -429916.1566 
Percentage done: 10.00 % 
Acceptance rate on iteration 1 to 100 is 0.1616
Covariance:
[0.148153 -0.00872299 -0.000116603 -0.0152488 -0.00301171 0.00708927 0.00964828; -0.00872299 0.0011935 1.08274e-5 0.00234062 0.000440872 -0.00101277 -0.00127699; -0.000116603 1.08274e-5 2.19199e-5 -0.000299389 -5.01426e-5 6.05869e-5 -1.48439e-5; -0.0152488 0.00234062 -0.000299389 0.0975266 0.0177267 -0.0249547 -0.00282342; -0.00301171 0.000440872 -5.01426e-5 0.0177267 0.00323462 -0.00456313 -0.000527539; 0.00708927 -0.00101277 6.05869e-5 -0.0249547 -0.00456313 0.00689266 0.0015682; 0.00964828 -0.00127699 -1.48439e-5 -0.00282342 -0.000527539 0.0015682 0.00254722]
Loglik: -261440.9783 
Loglik values on different cores:
[-2.61464e5,-2.61464e5,-2.61436e5,-2.61446e5,-261468.0,-2.61467e5,-2.6146e5,-2.61446e5,-2.61458e5,-2.61451e5]
Percentage done: 20.00 % 
Acceptance rate on iteration 101 to 200 is 0.0707
Covariance:
[0.148153 -0.00872299 -0.000116603 -0.0152488 -0.00301171 0.00708927 0.00964828; -0.00872299 0.0011935 1.08274e-5 0.00234062 0.000440872 -0.00101277 -0.00127699; -0.000116603 1.08274e-5 2.19199e-5 -0.000299389 -5.01426e-5 6.05869e-5 -1.48439e-5; -0.0152488 0.00234062 -0.000299389 0.0975266 0.0177267 -0.0249547 -0.00282342; -0.00301171 0.000440872 -5.01426e-5 0.0177267 0.00323462 -0.00456313 -0.000527539; 0.00708927 -0.00101277 6.05869e-5 -0.0249547 -0.00456313 0.00689266 0.0015682; 0.00964828 -0.00127699 -1.48439e-5 -0.00282342 -0.000527539 0.0015682 0.00254722]
Loglik: -253182.9361 
Loglik values on different cores:
[-2.53173e5,-253181.0,-253209.0,-2.53195e5,-253188.0,-2.53193e5,-2.53209e5,-2.53185e5,-2.53187e5,-2.53188e5]
Percentage done: 30.00 % 
Acceptance rate on iteration 201 to 300 is 0.0909
Covariance:
[0.148153 -0.00872299 -0.000116603 -0.0152488 -0.00301171 0.00708927 0.00964828; -0.00872299 0.0011935 1.08274e-5 0.00234062 0.000440872 -0.00101277 -0.00127699; -0.000116603 1.08274e-5 2.19199e-5 -0.000299389 -5.01426e-5 6.05869e-5 -1.48439e-5; -0.0152488 0.00234062 -0.000299389 0.0975266 0.0177267 -0.0249547 -0.00282342; -0.00301171 0.000440872 -5.01426e-5 0.0177267 0.00323462 -0.00456313 -0.000527539; 0.00708927 -0.00101277 6.05869e-5 -0.0249547 -0.00456313 0.00689266 0.0015682; 0.00964828 -0.00127699 -1.48439e-5 -0.00282342 -0.000527539 0.0015682 0.00254722]
Loglik: -241969.1729 
Loglik values on different cores:
[-2.41971e5,-241975.0,-2.41972e5,-2.41981e5,-2.41971e5,-2.41976e5,-2.41963e5,-2.41978e5,-2.41985e5,-2.41977e5]
Percentage done: 40.00 % 
Acceptance rate on iteration 301 to 400 is 0.0707
Covariance:
[0.148153 -0.00872299 -0.000116603 -0.0152488 -0.00301171 0.00708927 0.00964828; -0.00872299 0.0011935 1.08274e-5 0.00234062 0.000440872 -0.00101277 -0.00127699; -0.000116603 1.08274e-5 2.19199e-5 -0.000299389 -5.01426e-5 6.05869e-5 -1.48439e-5; -0.0152488 0.00234062 -0.000299389 0.0975266 0.0177267 -0.0249547 -0.00282342; -0.00301171 0.000440872 -5.01426e-5 0.0177267 0.00323462 -0.00456313 -0.000527539; 0.00708927 -0.00101277 6.05869e-5 -0.0249547 -0.00456313 0.00689266 0.0015682; 0.00964828 -0.00127699 -1.48439e-5 -0.00282342 -0.000527539 0.0015682 0.00254722]
Loglik: -235209.1670 
Loglik values on different cores:
[-2.35201e5,-2.35209e5,-2.35223e5,-2.35219e5,-2.35219e5,-235215.0,-2.35219e5,-2.35218e5,-2.35204e5,-2.35216e5]
Percentage done: 50.00 % 
Acceptance rate on iteration 401 to 500 is 0.0707
Covariance:
[0.148153 -0.00872299 -0.000116603 -0.0152488 -0.00301171 0.00708927 0.00964828; -0.00872299 0.0011935 1.08274e-5 0.00234062 0.000440872 -0.00101277 -0.00127699; -0.000116603 1.08274e-5 2.19199e-5 -0.000299389 -5.01426e-5 6.05869e-5 -1.48439e-5; -0.0152488 0.00234062 -0.000299389 0.0975266 0.0177267 -0.0249547 -0.00282342; -0.00301171 0.000440872 -5.01426e-5 0.0177267 0.00323462 -0.00456313 -0.000527539; 0.00708927 -0.00101277 6.05869e-5 -0.0249547 -0.00456313 0.00689266 0.0015682; 0.00964828 -0.00127699 -1.48439e-5 -0.00282342 -0.000527539 0.0015682 0.00254722]
Loglik: -226993.3861 
Loglik values on different cores:
[-2.26986e5,-2.27001e5,-2.26998e5,-2.27011e5,-2.27023e5,-2.27003e5,-2.27007e5,-2.26997e5,-2.27014e5,-2.27004e5]
Percentage done: 60.00 % 
Acceptance rate on iteration 501 to 600 is 0.1010
Covariance:
[0.148153 -0.00872299 -0.000116603 -0.0152488 -0.00301171 0.00708927 0.00964828; -0.00872299 0.0011935 1.08274e-5 0.00234062 0.000440872 -0.00101277 -0.00127699; -0.000116603 1.08274e-5 2.19199e-5 -0.000299389 -5.01426e-5 6.05869e-5 -1.48439e-5; -0.0152488 0.00234062 -0.000299389 0.0975266 0.0177267 -0.0249547 -0.00282342; -0.00301171 0.000440872 -5.01426e-5 0.0177267 0.00323462 -0.00456313 -0.000527539; 0.00708927 -0.00101277 6.05869e-5 -0.0249547 -0.00456313 0.00689266 0.0015682; 0.00964828 -0.00127699 -1.48439e-5 -0.00282342 -0.000527539 0.0015682 0.00254722]
Loglik: -220292.0571 
Loglik values on different cores:
[-220279.0,-2.20323e5,-2.20312e5,-2.20308e5,-2.20312e5,-2.20291e5,-2.20308e5,-220308.0,-2.20321e5,-2.20299e5]
Percentage done: 70.00 % 
Acceptance rate on iteration 601 to 700 is 0.0909
Covariance:
[0.148153 -0.00872299 -0.000116603 -0.0152488 -0.00301171 0.00708927 0.00964828; -0.00872299 0.0011935 1.08274e-5 0.00234062 0.000440872 -0.00101277 -0.00127699; -0.000116603 1.08274e-5 2.19199e-5 -0.000299389 -5.01426e-5 6.05869e-5 -1.48439e-5; -0.0152488 0.00234062 -0.000299389 0.0975266 0.0177267 -0.0249547 -0.00282342; -0.00301171 0.000440872 -5.01426e-5 0.0177267 0.00323462 -0.00456313 -0.000527539; 0.00708927 -0.00101277 6.05869e-5 -0.0249547 -0.00456313 0.00689266 0.0015682; 0.00964828 -0.00127699 -1.48439e-5 -0.00282342 -0.000527539 0.0015682 0.00254722]
Loglik: -207517.2720 
Loglik values on different cores:
[-2.07506e5,-2.07547e5,-2.07536e5,-2.07567e5,-2.0751e5,-2.07528e5,-2.07522e5,-2.07565e5,-2.07553e5,-2.07546e5]
Percentage done: 80.00 % 
Acceptance rate on iteration 701 to 800 is 0.0909
Covariance:
[0.148153 -0.00872299 -0.000116603 -0.0152488 -0.00301171 0.00708927 0.00964828; -0.00872299 0.0011935 1.08274e-5 0.00234062 0.000440872 -0.00101277 -0.00127699; -0.000116603 1.08274e-5 2.19199e-5 -0.000299389 -5.01426e-5 6.05869e-5 -1.48439e-5; -0.0152488 0.00234062 -0.000299389 0.0975266 0.0177267 -0.0249547 -0.00282342; -0.00301171 0.000440872 -5.01426e-5 0.0177267 0.00323462 -0.00456313 -0.000527539; 0.00708927 -0.00101277 6.05869e-5 -0.0249547 -0.00456313 0.00689266 0.0015682; 0.00964828 -0.00127699 -1.48439e-5 -0.00282342 -0.000527539 0.0015682 0.00254722]
Loglik: -193834.3315 
Loglik values on different cores:
[-1.93849e5,-1.93847e5,-1.93876e5,-1.93876e5,-1.93875e5,-1.93841e5,-1.93862e5,-1.93858e5,-1.93892e5,-1.93853e5]
Percentage done: 90.00 % 
Acceptance rate on iteration 801 to 900 is 0.0909
Covariance:
[0.148153 -0.00872299 -0.000116603 -0.0152488 -0.00301171 0.00708927 0.00964828; -0.00872299 0.0011935 1.08274e-5 0.00234062 0.000440872 -0.00101277 -0.00127699; -0.000116603 1.08274e-5 2.19199e-5 -0.000299389 -5.01426e-5 6.05869e-5 -1.48439e-5; -0.0152488 0.00234062 -0.000299389 0.0975266 0.0177267 -0.0249547 -0.00282342; -0.00301171 0.000440872 -5.01426e-5 0.0177267 0.00323462 -0.00456313 -0.000527539; 0.00708927 -0.00101277 6.05869e-5 -0.0249547 -0.00456313 0.00689266 0.0015682; 0.00964828 -0.00127699 -1.48439e-5 -0.00282342 -0.000527539 0.0015682 0.00254722]
Loglik: -181895.6297 
Loglik values on different cores:
[-1.81918e5,-181927.0,-181917.0,-181936.0,-1.81924e5,-181908.0,-1.81925e5,-1.81921e5,-1.81921e5,-1.81938e5]
elapsed time: 6232.703259831 seconds
Ending DA-GP-MCMC with adaptive RW estimating 7 parameters
Algorithm: MCWM
Adaptation algorithm: noAdaptation
Prior distribution: Normal
Particle filter: parallel_bootstrap
Time pre-er:  0
Time fit GP model:  0
Time er-part:  6233
Number early-rejections: 537
Number of cases directly to ordinary MH: 154
Number of cases directly to ordinary MH accepted: 72
Number cases in in DA part: 845
Number cases in second stage: 308
Number accepted in second stage: 19
Total number of evaluations of the particle filter: 462
Acceptance rate for ordinary MH accepted: 46.7532
Acceptance rate a_1: 36.4497
Acceptance rate a_2: 6.1688
Acceptance rate a_1*a_2: 2.2485
Acceptance rate a (for entier algorithm): 9.1000
#####################################################################
