Starting ml estimationLength of training data: 1800Start values for optimization:
[-1675.05; 1375.71; 4765.66; -58.8521; -73.1682; -747.808; -4.68548; -355.504; 8.98857; 4.83859; 0.934979; 0.588406; -1.67788; -2.87451; -0.771963]Iter     Function value   Gradient norm 
     0     3.698300e+03     5.694031e+03
     1     3.262084e+03     2.855870e+03
     2     1.975381e+03     9.488459e+02
     3     1.934337e+03     1.262212e+03
     4     1.874534e+03     8.578166e+02
     5     1.866085e+03     2.493929e+02
     6     1.864053e+03     1.803131e+02
     7     1.852694e+03     8.614007e+01
     8     1.848558e+03     3.463314e+02
     9     1.817633e+03     1.754832e+02
    10     1.798021e+03     4.745932e+02
    11     1.645368e+03     1.876391e+03
    12     1.645370e+03     1.876423e+03
Estimated parameters of the GP model:
Estimated Β:s:
[-1675.15,1375.6,4765.39,-58.7235,-72.4946,-748.514,-4.48632,-355.928,9.05095,5.1954]
Estimated log Φ:s:
[-0.320285,-0.640191,-2.23617,-2.05645,-0.732181]
elapsed time: 185.748387241 seconds
Starting DA-GP-MCMC with adaptive RW estimating 3 parameters
Covariance - kernel_MH_direct:
[0.0260567 -0.0059508 0.0221521; -0.0059508 0.00199741 -0.00417316; 0.0221521 -0.00417316 0.114205]
MCMC algorithm: MCWM
Adaptation algorithm: noAdaptation
Prior distribution: Uniform
Particel filter: bootstrap
Iteration: 1
Covariance:
[0.0375216 -0.00856914 0.031899; -0.00856914 0.00287627 -0.00600934; 0.031899 -0.00600934 0.164455]
ESS: 220.4097
Loglik: 6403.6208 
Percentage done: 4.00 % 
Acceptance rate on iteration 1 to 1000 is 5.2052 %
Covariance:
[0.0375216 -0.00856914 0.031899; -0.00856914 0.00287627 -0.00600934; 0.031899 -0.00600934 0.164455]
Loglik: 6403.4691 
Percentage done: 8.00 % 
Acceptance rate on iteration 1001 to 2000 is 5.7057 %
Covariance:
[0.0375216 -0.00856914 0.031899; -0.00856914 0.00287627 -0.00600934; 0.031899 -0.00600934 0.164455]
Loglik: 6403.3571 
Percentage done: 12.00 % 
Acceptance rate on iteration 2001 to 3000 is 6.3063 %
Covariance:
[0.0375216 -0.00856914 0.031899; -0.00856914 0.00287627 -0.00600934; 0.031899 -0.00600934 0.164455]
Loglik: 6404.4279 
Percentage done: 16.00 % 
Acceptance rate on iteration 3001 to 4000 is 6.4064 %
Covariance:
[0.0375216 -0.00856914 0.031899; -0.00856914 0.00287627 -0.00600934; 0.031899 -0.00600934 0.164455]
Loglik: 6403.5199 
Percentage done: 20.00 % 
Acceptance rate on iteration 4001 to 5000 is 4.8048 %
Covariance:
[0.0375216 -0.00856914 0.031899; -0.00856914 0.00287627 -0.00600934; 0.031899 -0.00600934 0.164455]
Loglik: 6403.5421 
Percentage done: 24.00 % 
Acceptance rate on iteration 5001 to 6000 is 6.2062 %
Covariance:
[0.0375216 -0.00856914 0.031899; -0.00856914 0.00287627 -0.00600934; 0.031899 -0.00600934 0.164455]
Loglik: 6404.6880 
Percentage done: 28.00 % 
Acceptance rate on iteration 6001 to 7000 is 6.2062 %
Covariance:
[0.0375216 -0.00856914 0.031899; -0.00856914 0.00287627 -0.00600934; 0.031899 -0.00600934 0.164455]
Loglik: 6403.5480 
Percentage done: 32.00 % 
Acceptance rate on iteration 7001 to 8000 is 4.9049 %
Covariance:
[0.0375216 -0.00856914 0.031899; -0.00856914 0.00287627 -0.00600934; 0.031899 -0.00600934 0.164455]
Loglik: 6404.8593 
Percentage done: 36.00 % 
Acceptance rate on iteration 8001 to 9000 is 5.0050 %
Covariance:
[0.0375216 -0.00856914 0.031899; -0.00856914 0.00287627 -0.00600934; 0.031899 -0.00600934 0.164455]
Loglik: 6403.3292 
Percentage done: 40.00 % 
Acceptance rate on iteration 9001 to 10000 is 7.4074 %
Covariance:
[0.0375216 -0.00856914 0.031899; -0.00856914 0.00287627 -0.00600934; 0.031899 -0.00600934 0.164455]
Loglik: 6404.3184 
Percentage done: 44.00 % 
Acceptance rate on iteration 10001 to 11000 is 6.5065 %
Covariance:
[0.0375216 -0.00856914 0.031899; -0.00856914 0.00287627 -0.00600934; 0.031899 -0.00600934 0.164455]
Loglik: 6405.3516 
Percentage done: 48.00 % 
Acceptance rate on iteration 11001 to 12000 is 5.5055 %
Covariance:
[0.0375216 -0.00856914 0.031899; -0.00856914 0.00287627 -0.00600934; 0.031899 -0.00600934 0.164455]
Loglik: 6403.8039 
Percentage done: 52.00 % 
Acceptance rate on iteration 12001 to 13000 is 5.2052 %
Covariance:
[0.0375216 -0.00856914 0.031899; -0.00856914 0.00287627 -0.00600934; 0.031899 -0.00600934 0.164455]
Loglik: 6402.1429 
Percentage done: 56.00 % 
Acceptance rate on iteration 13001 to 14000 is 6.6066 %
Covariance:
[0.0375216 -0.00856914 0.031899; -0.00856914 0.00287627 -0.00600934; 0.031899 -0.00600934 0.164455]
Loglik: 6405.1726 
Percentage done: 60.00 % 
Acceptance rate on iteration 14001 to 15000 is 7.0070 %
Covariance:
[0.0375216 -0.00856914 0.031899; -0.00856914 0.00287627 -0.00600934; 0.031899 -0.00600934 0.164455]
Loglik: 6405.1220 
Percentage done: 64.00 % 
Acceptance rate on iteration 15001 to 16000 is 8.1081 %
Covariance:
[0.0375216 -0.00856914 0.031899; -0.00856914 0.00287627 -0.00600934; 0.031899 -0.00600934 0.164455]
Loglik: 6404.2920 
Percentage done: 68.00 % 
Acceptance rate on iteration 16001 to 17000 is 5.7057 %
Covariance:
[0.0375216 -0.00856914 0.031899; -0.00856914 0.00287627 -0.00600934; 0.031899 -0.00600934 0.164455]
Loglik: 6405.1815 
Percentage done: 72.00 % 
Acceptance rate on iteration 17001 to 18000 is 5.8058 %
Covariance:
[0.0375216 -0.00856914 0.031899; -0.00856914 0.00287627 -0.00600934; 0.031899 -0.00600934 0.164455]
Loglik: 6402.8383 
Percentage done: 76.00 % 
Acceptance rate on iteration 18001 to 19000 is 6.4064 %
Covariance:
[0.0375216 -0.00856914 0.031899; -0.00856914 0.00287627 -0.00600934; 0.031899 -0.00600934 0.164455]
Loglik: 6404.4603 
Percentage done: 80.00 % 
Acceptance rate on iteration 19001 to 20000 is 5.0050 %
Covariance:
[0.0375216 -0.00856914 0.031899; -0.00856914 0.00287627 -0.00600934; 0.031899 -0.00600934 0.164455]
Loglik: 6402.5106 
ESS: 194.8339
ESS: 205.8115
Percentage done: 84.00 % 
Acceptance rate on iteration 20001 to 21000 is 3.9039 %
Covariance:
[0.0375216 -0.00856914 0.031899; -0.00856914 0.00287627 -0.00600934; 0.031899 -0.00600934 0.164455]
Loglik: 6404.7739 
Percentage done: 88.00 % 
Acceptance rate on iteration 21001 to 22000 is 4.2042 %
Covariance:
[0.0375216 -0.00856914 0.031899; -0.00856914 0.00287627 -0.00600934; 0.031899 -0.00600934 0.164455]
Loglik: 6403.6069 
Percentage done: 92.00 % 
Acceptance rate on iteration 22001 to 23000 is 5.5055 %
Covariance:
[0.0375216 -0.00856914 0.031899; -0.00856914 0.00287627 -0.00600934; 0.031899 -0.00600934 0.164455]
Loglik: 6405.6338 
Percentage done: 96.00 % 
Acceptance rate on iteration 23001 to 24000 is 6.0060 %
Covariance:
[0.0375216 -0.00856914 0.031899; -0.00856914 0.00287627 -0.00600934; 0.031899 -0.00600934 0.164455]
Loglik: 6403.9326 
elapsed time: 93.813041265 seconds
Ending DA-GP-MCMC with adaptive RW estimating 3 parameters
Algorithm: MCWM
Adaptation algorithm: noAdaptation
Prior distribution: Uniform
Particel filter: bootstrap
Time pre-er:  0
Time fit GP model:  0
Time er-part:  94
Number early-rejections: 21562
Number of cases directly to ordinary MH: 2434
Number of cases directly to ordinary MH accapted: 939
Number cases in secound stage: 1003
Number accepted in secound stage: 511
Accaptace rate for ordinary MH accapted: 38.5785
Accaptace rate a_1: 4.4449
Accaptace rate a_2: 50.9472
Accaptace rate a_1*a_2: 2.2646
Accaptace rate a (for entier algorithm): 5.8000
Covariance - kernel_secound_stage_direct:
[0.0260567 -0.0059508 0.0221521; -0.0059508 0.00199741 -0.00417316; 0.0221521 -0.00417316 0.114205]
Starting DA-GP-MCMC with adaptive RW estimating 3 parameters
MCMC algorithm: MCWM
Adaptation algorithm: noAdaptation
Select case model: BiaseCoin
Prior distribution: Uniform
Particel filter: bootstrap
Iteration: 1
Covariance:
[0.0375216 -0.00856914 0.031899; -0.00856914 0.00287627 -0.00600934; 0.031899 -0.00600934 0.164455]
ESS: 198.9847
Loglik: 6403.9526 
Percentage done: 4.00 % 
Acceptance rate on iteration 1 to 1000 is 5.9059 %
Covariance:
[0.0375216 -0.00856914 0.031899; -0.00856914 0.00287627 -0.00600934; 0.031899 -0.00600934 0.164455]
Loglik: 6400.9867 
Percentage done: 8.00 % 
Acceptance rate on iteration 1001 to 2000 is 7.1071 %
Covariance:
[0.0375216 -0.00856914 0.031899; -0.00856914 0.00287627 -0.00600934; 0.031899 -0.00600934 0.164455]
Loglik: 6403.3351 
Percentage done: 12.00 % 
Acceptance rate on iteration 2001 to 3000 is 6.1061 %
Covariance:
[0.0375216 -0.00856914 0.031899; -0.00856914 0.00287627 -0.00600934; 0.031899 -0.00600934 0.164455]
Loglik: 6401.8077 
Percentage done: 16.00 % 
Acceptance rate on iteration 3001 to 4000 is 6.3063 %
Covariance:
[0.0375216 -0.00856914 0.031899; -0.00856914 0.00287627 -0.00600934; 0.031899 -0.00600934 0.164455]
Loglik: 6405.0485 
ESS: 274.9011
ESS: 404.7956
Percentage done: 20.00 % 
Acceptance rate on iteration 4001 to 5000 is 6.6066 %
Covariance:
[0.0375216 -0.00856914 0.031899; -0.00856914 0.00287627 -0.00600934; 0.031899 -0.00600934 0.164455]
Loglik: 6401.5068 
ESS: 146.1604
ESS: 176.9252
Percentage done: 24.00 % 
Acceptance rate on iteration 5001 to 6000 is 7.5075 %
Covariance:
[0.0375216 -0.00856914 0.031899; -0.00856914 0.00287627 -0.00600934; 0.031899 -0.00600934 0.164455]
Loglik: 6404.2968 
Percentage done: 28.00 % 
Acceptance rate on iteration 6001 to 7000 is 6.5065 %
Covariance:
[0.0375216 -0.00856914 0.031899; -0.00856914 0.00287627 -0.00600934; 0.031899 -0.00600934 0.164455]
Loglik: NaN 
Percentage done: 32.00 % 
Acceptance rate on iteration 7001 to 8000 is 7.7077 %
Covariance:
[0.0375216 -0.00856914 0.031899; -0.00856914 0.00287627 -0.00600934; 0.031899 -0.00600934 0.164455]
Loglik: 6399.5731 
Percentage done: 36.00 % 
Acceptance rate on iteration 8001 to 9000 is 7.8078 %
Covariance:
[0.0375216 -0.00856914 0.031899; -0.00856914 0.00287627 -0.00600934; 0.031899 -0.00600934 0.164455]
Loglik: NaN 
Percentage done: 40.00 % 
Acceptance rate on iteration 9001 to 10000 is 7.7077 %
Covariance:
[0.0375216 -0.00856914 0.031899; -0.00856914 0.00287627 -0.00600934; 0.031899 -0.00600934 0.164455]
Loglik: 6402.9622 
Percentage done: 44.00 % 
Acceptance rate on iteration 10001 to 11000 is 6.0060 %
Covariance:
[0.0375216 -0.00856914 0.031899; -0.00856914 0.00287627 -0.00600934; 0.031899 -0.00600934 0.164455]
Loglik: 6402.8885 
Percentage done: 48.00 % 
Acceptance rate on iteration 11001 to 12000 is 7.2072 %
Covariance:
[0.0375216 -0.00856914 0.031899; -0.00856914 0.00287627 -0.00600934; 0.031899 -0.00600934 0.164455]
Loglik: 6402.4603 
Percentage done: 52.00 % 
Acceptance rate on iteration 12001 to 13000 is 6.0060 %
Covariance:
[0.0375216 -0.00856914 0.031899; -0.00856914 0.00287627 -0.00600934; 0.031899 -0.00600934 0.164455]
Loglik: 6404.5455 
Percentage done: 56.00 % 
Acceptance rate on iteration 13001 to 14000 is 5.6056 %
Covariance:
[0.0375216 -0.00856914 0.031899; -0.00856914 0.00287627 -0.00600934; 0.031899 -0.00600934 0.164455]
Loglik: 6404.7390 
Percentage done: 60.00 % 
Acceptance rate on iteration 14001 to 15000 is 6.9069 %
Covariance:
[0.0375216 -0.00856914 0.031899; -0.00856914 0.00287627 -0.00600934; 0.031899 -0.00600934 0.164455]
Loglik: 6405.0035 
Percentage done: 64.00 % 
Acceptance rate on iteration 15001 to 16000 is 7.2072 %
Covariance:
[0.0375216 -0.00856914 0.031899; -0.00856914 0.00287627 -0.00600934; 0.031899 -0.00600934 0.164455]
Loglik: 6405.6382 
Percentage done: 68.00 % 
Acceptance rate on iteration 16001 to 17000 is 9.2092 %
Covariance:
[0.0375216 -0.00856914 0.031899; -0.00856914 0.00287627 -0.00600934; 0.031899 -0.00600934 0.164455]
Loglik: 6405.0536 
Percentage done: 72.00 % 
Acceptance rate on iteration 17001 to 18000 is 5.8058 %
Covariance:
[0.0375216 -0.00856914 0.031899; -0.00856914 0.00287627 -0.00600934; 0.031899 -0.00600934 0.164455]
Loglik: 6402.5529 
Percentage done: 76.00 % 
Acceptance rate on iteration 18001 to 19000 is 7.8078 %
Covariance:
[0.0375216 -0.00856914 0.031899; -0.00856914 0.00287627 -0.00600934; 0.031899 -0.00600934 0.164455]
Loglik: NaN 
Percentage done: 80.00 % 
Acceptance rate on iteration 19001 to 20000 is 6.7067 %
Covariance:
[0.0375216 -0.00856914 0.031899; -0.00856914 0.00287627 -0.00600934; 0.031899 -0.00600934 0.164455]
Loglik: 6404.1682 
Percentage done: 84.00 % 
Acceptance rate on iteration 20001 to 21000 is 7.7077 %
Covariance:
[0.0375216 -0.00856914 0.031899; -0.00856914 0.00287627 -0.00600934; 0.031899 -0.00600934 0.164455]
Loglik: 6403.9465 
Percentage done: 88.00 % 
Acceptance rate on iteration 21001 to 22000 is 7.1071 %
Covariance:
[0.0375216 -0.00856914 0.031899; -0.00856914 0.00287627 -0.00600934; 0.031899 -0.00600934 0.164455]
Loglik: 6405.1510 
ESS: 504.9598
ESS: 272.7083
Percentage done: 92.00 % 
Acceptance rate on iteration 22001 to 23000 is 7.6076 %
Covariance:
[0.0375216 -0.00856914 0.031899; -0.00856914 0.00287627 -0.00600934; 0.031899 -0.00600934 0.164455]
Loglik: 6403.2046 
Percentage done: 96.00 % 
Acceptance rate on iteration 23001 to 24000 is 6.9069 %
Covariance:
[0.0375216 -0.00856914 0.031899; -0.00856914 0.00287627 -0.00600934; 0.031899 -0.00600934 0.164455]
Loglik: 6403.5961 
elapsed time: 86.853099418 seconds
Ending ADA-GP-MCMC with adaptive RW estimating 3 parameters
Algorithm: MCWM
Adaptation algorithm: noAdaptation
Prior distribution: Uniform
Particel filter: bootstrap
Time consumption:Time pre-er:  0
Time fit GP model:  0
Time er-part:  87
Number early-rejections: 21466
Number of cases directly to ordinary MH: 2500
Number of cases directly to ordinary MH accapted: 1002
Number split accaptance region early-accept: 108
Number split accaptance region early-reject: 283
Number cases in secound stage: 1033
Number accepted in secound stage: 321
Accaptace rate for ordinary MH accapted: 40.0800
Accaptace rate a_1: 4.5913
Accaptace rate a_2: 31.0745
Accaptace rate a_1*a_2: 1.4267
Accaptace rate a (for entier algorithm): 6.8560
Nbr assumtion correct: 386.000000
Proc assumtion correct: 0.601246
Number case 1: 508
Number case 2: 149
Number case 3: 355
Number case 4: 21
