Starting ml estimationLength of training data: 1800Start values for optimization:
[-1675.05; 1375.71; 4765.66; -58.8521; -73.1682; -747.808; -4.68548; -355.504; 8.98857; 4.83859; 0.934979; 0.588406; -1.67788; -2.87451; -0.771963]Iter     Function value   Gradient norm 
     0     3.698300e+03     5.694031e+03
     1     3.262084e+03     2.855870e+03
     2     1.975381e+03     9.488459e+02
     3     1.934337e+03     1.262212e+03
     4     1.874534e+03     8.578166e+02
     5     1.866085e+03     2.493929e+02
     6     1.864053e+03     1.803131e+02
     7     1.852694e+03     8.614007e+01
     8     1.848558e+03     3.463314e+02
     9     1.817633e+03     1.754832e+02
    10     1.798021e+03     4.745932e+02
    11     1.645368e+03     1.876391e+03
    12     1.645370e+03     1.876423e+03
Estimated parameters of the GP model:
Estimated Β:s:
[-1675.15,1375.6,4765.39,-58.7235,-72.4946,-748.514,-4.48632,-355.928,9.05095,5.1954]
Estimated log Φ:s:
[-0.320285,-0.640191,-2.23617,-2.05645,-0.732181]
elapsed time: 186.368092411 seconds
Starting DA-GP-MCMC with adaptive RW estimating 3 parameters
Covariance - kernel_MH_direct:
[0.0260567 -0.0059508 0.0221521; -0.0059508 0.00199741 -0.00417316; 0.0221521 -0.00417316 0.114205]
MCMC algorithm: MCWM
Adaptation algorithm: noAdaptation
Prior distribution: Uniform
Particel filter: bootstrap
Iteration: 1
Covariance:
[0.0260567 -0.0059508 0.0221521; -0.0059508 0.00199741 -0.00417316; 0.0221521 -0.00417316 0.114205]
ESS: 225.7321
Loglik: 6405.0990 
Percentage done: 1.00 % 
Acceptance rate on iteration 1 to 1000 is 1.3013 %
Covariance:
[0.0260567 -0.0059508 0.0221521; -0.0059508 0.00199741 -0.00417316; 0.0221521 -0.00417316 0.114205]
Loglik: 6405.8132 
Percentage done: 2.00 % 
Acceptance rate on iteration 1001 to 2000 is 1.0010 %
Covariance:
[0.0260567 -0.0059508 0.0221521; -0.0059508 0.00199741 -0.00417316; 0.0221521 -0.00417316 0.114205]
Loglik: 6403.8068 
Percentage done: 3.00 % 
Acceptance rate on iteration 2001 to 3000 is 1.6016 %
Covariance:
[0.0260567 -0.0059508 0.0221521; -0.0059508 0.00199741 -0.00417316; 0.0221521 -0.00417316 0.114205]
Loglik: 6404.7289 
Percentage done: 4.00 % 
Acceptance rate on iteration 3001 to 4000 is 1.6016 %
Covariance:
[0.0260567 -0.0059508 0.0221521; -0.0059508 0.00199741 -0.00417316; 0.0221521 -0.00417316 0.114205]
Loglik: 6403.6963 
Percentage done: 5.00 % 
Acceptance rate on iteration 4001 to 5000 is 1.8018 %
Covariance:
[0.0260567 -0.0059508 0.0221521; -0.0059508 0.00199741 -0.00417316; 0.0221521 -0.00417316 0.114205]
Loglik: 6406.3795 
Percentage done: 6.00 % 
Acceptance rate on iteration 5001 to 6000 is 1.1011 %
Covariance:
[0.0260567 -0.0059508 0.0221521; -0.0059508 0.00199741 -0.00417316; 0.0221521 -0.00417316 0.114205]
Loglik: 6403.9542 
Percentage done: 7.00 % 
Acceptance rate on iteration 6001 to 7000 is 2.2022 %
Covariance:
[0.0260567 -0.0059508 0.0221521; -0.0059508 0.00199741 -0.00417316; 0.0221521 -0.00417316 0.114205]
Loglik: 6404.8501 
Percentage done: 8.00 % 
Acceptance rate on iteration 7001 to 8000 is 1.2012 %
Covariance:
[0.0260567 -0.0059508 0.0221521; -0.0059508 0.00199741 -0.00417316; 0.0221521 -0.00417316 0.114205]
Loglik: 6405.2195 
Percentage done: 9.00 % 
Acceptance rate on iteration 8001 to 9000 is 1.0010 %
Covariance:
[0.0260567 -0.0059508 0.0221521; -0.0059508 0.00199741 -0.00417316; 0.0221521 -0.00417316 0.114205]
Loglik: 6404.4930 
Percentage done: 10.00 % 
Acceptance rate on iteration 9001 to 10000 is 1.6016 %
Covariance:
[0.0260567 -0.0059508 0.0221521; -0.0059508 0.00199741 -0.00417316; 0.0221521 -0.00417316 0.114205]
Loglik: 6404.7010 
Percentage done: 11.00 % 
Acceptance rate on iteration 10001 to 11000 is 1.6016 %
Covariance:
[0.0260567 -0.0059508 0.0221521; -0.0059508 0.00199741 -0.00417316; 0.0221521 -0.00417316 0.114205]
Loglik: 6403.6400 
Percentage done: 12.00 % 
Acceptance rate on iteration 11001 to 12000 is 0.9009 %
Covariance:
[0.0260567 -0.0059508 0.0221521; -0.0059508 0.00199741 -0.00417316; 0.0221521 -0.00417316 0.114205]
Loglik: 6403.9526 
Percentage done: 13.00 % 
Acceptance rate on iteration 12001 to 13000 is 1.4014 %
Covariance:
[0.0260567 -0.0059508 0.0221521; -0.0059508 0.00199741 -0.00417316; 0.0221521 -0.00417316 0.114205]
Loglik: 6405.8902 
Percentage done: 14.00 % 
Acceptance rate on iteration 13001 to 14000 is 1.2012 %
Covariance:
[0.0260567 -0.0059508 0.0221521; -0.0059508 0.00199741 -0.00417316; 0.0221521 -0.00417316 0.114205]
Loglik: 6403.3385 
Percentage done: 15.00 % 
Acceptance rate on iteration 14001 to 15000 is 2.0020 %
Covariance:
[0.0260567 -0.0059508 0.0221521; -0.0059508 0.00199741 -0.00417316; 0.0221521 -0.00417316 0.114205]
Loglik: 6405.0722 
Percentage done: 16.00 % 
Acceptance rate on iteration 15001 to 16000 is 1.9019 %
Covariance:
[0.0260567 -0.0059508 0.0221521; -0.0059508 0.00199741 -0.00417316; 0.0221521 -0.00417316 0.114205]
Loglik: 6403.2943 
Percentage done: 17.00 % 
Acceptance rate on iteration 16001 to 17000 is 1.8018 %
Covariance:
[0.0260567 -0.0059508 0.0221521; -0.0059508 0.00199741 -0.00417316; 0.0221521 -0.00417316 0.114205]
Loglik: 6404.9750 
Percentage done: 18.00 % 
Acceptance rate on iteration 17001 to 18000 is 2.2022 %
Covariance:
[0.0260567 -0.0059508 0.0221521; -0.0059508 0.00199741 -0.00417316; 0.0221521 -0.00417316 0.114205]
Loglik: 6404.4564 
Percentage done: 19.00 % 
Acceptance rate on iteration 18001 to 19000 is 1.8018 %
Covariance:
[0.0260567 -0.0059508 0.0221521; -0.0059508 0.00199741 -0.00417316; 0.0221521 -0.00417316 0.114205]
Loglik: 6404.3937 
Percentage done: 20.00 % 
Acceptance rate on iteration 19001 to 20000 is 2.4024 %
Covariance:
[0.0260567 -0.0059508 0.0221521; -0.0059508 0.00199741 -0.00417316; 0.0221521 -0.00417316 0.114205]
Loglik: 6404.5001 
Percentage done: 21.00 % 
Acceptance rate on iteration 20001 to 21000 is 1.0010 %
Covariance:
[0.0260567 -0.0059508 0.0221521; -0.0059508 0.00199741 -0.00417316; 0.0221521 -0.00417316 0.114205]
Loglik: 6404.2176 
Percentage done: 22.00 % 
Acceptance rate on iteration 21001 to 22000 is 0.9009 %
Covariance:
[0.0260567 -0.0059508 0.0221521; -0.0059508 0.00199741 -0.00417316; 0.0221521 -0.00417316 0.114205]
Loglik: 6404.1261 
Percentage done: 23.00 % 
Acceptance rate on iteration 22001 to 23000 is 1.4014 %
Covariance:
[0.0260567 -0.0059508 0.0221521; -0.0059508 0.00199741 -0.00417316; 0.0221521 -0.00417316 0.114205]
Loglik: 6406.2934 
Percentage done: 24.00 % 
Acceptance rate on iteration 23001 to 24000 is 0.6006 %
Covariance:
[0.0260567 -0.0059508 0.0221521; -0.0059508 0.00199741 -0.00417316; 0.0221521 -0.00417316 0.114205]
Loglik: 6404.7941 
Percentage done: 25.00 % 
Acceptance rate on iteration 24001 to 25000 is 0.7007 %
Covariance:
[0.0260567 -0.0059508 0.0221521; -0.0059508 0.00199741 -0.00417316; 0.0221521 -0.00417316 0.114205]
Loglik: 6404.9991 
Percentage done: 26.00 % 
Acceptance rate on iteration 25001 to 26000 is 1.3013 %
Covariance:
[0.0260567 -0.0059508 0.0221521; -0.0059508 0.00199741 -0.00417316; 0.0221521 -0.00417316 0.114205]
Loglik: 6404.5623 
Percentage done: 27.00 % 
Acceptance rate on iteration 26001 to 27000 is 1.6016 %
Covariance:
[0.0260567 -0.0059508 0.0221521; -0.0059508 0.00199741 -0.00417316; 0.0221521 -0.00417316 0.114205]
Loglik: 6404.8093 
Percentage done: 28.00 % 
Acceptance rate on iteration 27001 to 28000 is 2.1021 %
Covariance:
[0.0260567 -0.0059508 0.0221521; -0.0059508 0.00199741 -0.00417316; 0.0221521 -0.00417316 0.114205]
Loglik: 6404.2694 
Percentage done: 29.00 % 
Acceptance rate on iteration 28001 to 29000 is 0.9009 %
Covariance:
[0.0260567 -0.0059508 0.0221521; -0.0059508 0.00199741 -0.00417316; 0.0221521 -0.00417316 0.114205]
Loglik: 6403.9666 
Percentage done: 30.00 % 
Acceptance rate on iteration 29001 to 30000 is 1.0010 %
Covariance:
[0.0260567 -0.0059508 0.0221521; -0.0059508 0.00199741 -0.00417316; 0.0221521 -0.00417316 0.114205]
Loglik: 6403.6112 
Percentage done: 31.00 % 
Acceptance rate on iteration 30001 to 31000 is 2.6026 %
Covariance:
[0.0260567 -0.0059508 0.0221521; -0.0059508 0.00199741 -0.00417316; 0.0221521 -0.00417316 0.114205]
Loglik: 6404.8175 
Percentage done: 32.00 % 
Acceptance rate on iteration 31001 to 32000 is 3.2032 %
Covariance:
[0.0260567 -0.0059508 0.0221521; -0.0059508 0.00199741 -0.00417316; 0.0221521 -0.00417316 0.114205]
Loglik: 6403.4379 
Percentage done: 33.00 % 
Acceptance rate on iteration 32001 to 33000 is 1.4014 %
Covariance:
[0.0260567 -0.0059508 0.0221521; -0.0059508 0.00199741 -0.00417316; 0.0221521 -0.00417316 0.114205]
Loglik: 6405.4525 
Percentage done: 34.00 % 
Acceptance rate on iteration 33001 to 34000 is 1.1011 %
Covariance:
[0.0260567 -0.0059508 0.0221521; -0.0059508 0.00199741 -0.00417316; 0.0221521 -0.00417316 0.114205]
Loglik: 6404.1390 
Percentage done: 35.00 % 
Acceptance rate on iteration 34001 to 35000 is 0.1001 %
Covariance:
[0.0260567 -0.0059508 0.0221521; -0.0059508 0.00199741 -0.00417316; 0.0221521 -0.00417316 0.114205]
Loglik: 6404.6009 
Percentage done: 36.00 % 
Acceptance rate on iteration 35001 to 36000 is 1.0010 %
Covariance:
[0.0260567 -0.0059508 0.0221521; -0.0059508 0.00199741 -0.00417316; 0.0221521 -0.00417316 0.114205]
Loglik: 6405.6621 
Percentage done: 37.00 % 
Acceptance rate on iteration 36001 to 37000 is 1.4014 %
Covariance:
[0.0260567 -0.0059508 0.0221521; -0.0059508 0.00199741 -0.00417316; 0.0221521 -0.00417316 0.114205]
Loglik: 6404.4662 
Percentage done: 38.00 % 
Acceptance rate on iteration 37001 to 38000 is 2.0020 %
Covariance:
[0.0260567 -0.0059508 0.0221521; -0.0059508 0.00199741 -0.00417316; 0.0221521 -0.00417316 0.114205]
Loglik: 6405.2233 
Percentage done: 39.00 % 
Acceptance rate on iteration 38001 to 39000 is 1.6016 %
Covariance:
[0.0260567 -0.0059508 0.0221521; -0.0059508 0.00199741 -0.00417316; 0.0221521 -0.00417316 0.114205]
Loglik: 6404.9894 
Percentage done: 40.00 % 
Acceptance rate on iteration 39001 to 40000 is 2.3023 %
Covariance:
[0.0260567 -0.0059508 0.0221521; -0.0059508 0.00199741 -0.00417316; 0.0221521 -0.00417316 0.114205]
Loglik: 6404.3702 
Percentage done: 41.00 % 
Acceptance rate on iteration 40001 to 41000 is 0.3003 %
Covariance:
[0.0260567 -0.0059508 0.0221521; -0.0059508 0.00199741 -0.00417316; 0.0221521 -0.00417316 0.114205]
Loglik: 6404.5915 
Percentage done: 42.00 % 
Acceptance rate on iteration 41001 to 42000 is 1.3013 %
Covariance:
[0.0260567 -0.0059508 0.0221521; -0.0059508 0.00199741 -0.00417316; 0.0221521 -0.00417316 0.114205]
Loglik: 6404.3206 
Percentage done: 43.00 % 
Acceptance rate on iteration 42001 to 43000 is 0.5005 %
Covariance:
[0.0260567 -0.0059508 0.0221521; -0.0059508 0.00199741 -0.00417316; 0.0221521 -0.00417316 0.114205]
Loglik: 6405.6873 
ESS: 288.5354
ESS: 269.8425
Percentage done: 44.00 % 
Acceptance rate on iteration 43001 to 44000 is 1.9019 %
Covariance:
[0.0260567 -0.0059508 0.0221521; -0.0059508 0.00199741 -0.00417316; 0.0221521 -0.00417316 0.114205]
Loglik: 6404.8341 
Percentage done: 45.00 % 
Acceptance rate on iteration 44001 to 45000 is 1.5015 %
Covariance:
[0.0260567 -0.0059508 0.0221521; -0.0059508 0.00199741 -0.00417316; 0.0221521 -0.00417316 0.114205]
Loglik: 6402.2366 
Percentage done: 46.00 % 
Acceptance rate on iteration 45001 to 46000 is 0.8008 %
Covariance:
[0.0260567 -0.0059508 0.0221521; -0.0059508 0.00199741 -0.00417316; 0.0221521 -0.00417316 0.114205]
Loglik: 6402.7926 
Percentage done: 47.00 % 
Acceptance rate on iteration 46001 to 47000 is 1.5015 %
Covariance:
[0.0260567 -0.0059508 0.0221521; -0.0059508 0.00199741 -0.00417316; 0.0221521 -0.00417316 0.114205]
Loglik: 6402.6928 
Percentage done: 48.00 % 
Acceptance rate on iteration 47001 to 48000 is 2.3023 %
Covariance:
[0.0260567 -0.0059508 0.0221521; -0.0059508 0.00199741 -0.00417316; 0.0221521 -0.00417316 0.114205]
Loglik: 6404.6466 
Percentage done: 49.00 % 
Acceptance rate on iteration 48001 to 49000 is 2.2022 %
Covariance:
[0.0260567 -0.0059508 0.0221521; -0.0059508 0.00199741 -0.00417316; 0.0221521 -0.00417316 0.114205]
Loglik: 6404.2403 
Percentage done: 50.00 % 
Acceptance rate on iteration 49001 to 50000 is 1.0010 %
Covariance:
[0.0260567 -0.0059508 0.0221521; -0.0059508 0.00199741 -0.00417316; 0.0221521 -0.00417316 0.114205]
Loglik: 6404.1498 
Percentage done: 51.00 % 
Acceptance rate on iteration 50001 to 51000 is 1.9019 %
Covariance:
[0.0260567 -0.0059508 0.0221521; -0.0059508 0.00199741 -0.00417316; 0.0221521 -0.00417316 0.114205]
Loglik: 6405.0451 
Percentage done: 52.00 % 
Acceptance rate on iteration 51001 to 52000 is 1.1011 %
Covariance:
[0.0260567 -0.0059508 0.0221521; -0.0059508 0.00199741 -0.00417316; 0.0221521 -0.00417316 0.114205]
Loglik: 6405.2106 
Percentage done: 53.00 % 
Acceptance rate on iteration 52001 to 53000 is 0.7007 %
Covariance:
[0.0260567 -0.0059508 0.0221521; -0.0059508 0.00199741 -0.00417316; 0.0221521 -0.00417316 0.114205]
Loglik: 6406.0701 
Percentage done: 54.00 % 
Acceptance rate on iteration 53001 to 54000 is 1.0010 %
Covariance:
[0.0260567 -0.0059508 0.0221521; -0.0059508 0.00199741 -0.00417316; 0.0221521 -0.00417316 0.114205]
Loglik: 6404.8856 
Percentage done: 55.00 % 
Acceptance rate on iteration 54001 to 55000 is 1.4014 %
Covariance:
[0.0260567 -0.0059508 0.0221521; -0.0059508 0.00199741 -0.00417316; 0.0221521 -0.00417316 0.114205]
Loglik: 6404.8250 
Percentage done: 56.00 % 
Acceptance rate on iteration 55001 to 56000 is 2.2022 %
Covariance:
[0.0260567 -0.0059508 0.0221521; -0.0059508 0.00199741 -0.00417316; 0.0221521 -0.00417316 0.114205]
Loglik: 6404.3058 
Percentage done: 57.00 % 
Acceptance rate on iteration 56001 to 57000 is 1.4014 %
Covariance:
[0.0260567 -0.0059508 0.0221521; -0.0059508 0.00199741 -0.00417316; 0.0221521 -0.00417316 0.114205]
Loglik: 6404.7709 
ESS: 256.2573
ESS: 103.9675
Percentage done: 58.00 % 
Acceptance rate on iteration 57001 to 58000 is 1.4014 %
Covariance:
[0.0260567 -0.0059508 0.0221521; -0.0059508 0.00199741 -0.00417316; 0.0221521 -0.00417316 0.114205]
Loglik: 6404.3528 
Percentage done: 59.00 % 
Acceptance rate on iteration 58001 to 59000 is 2.0020 %
Covariance:
[0.0260567 -0.0059508 0.0221521; -0.0059508 0.00199741 -0.00417316; 0.0221521 -0.00417316 0.114205]
Loglik: 6404.1849 
Percentage done: 60.00 % 
Acceptance rate on iteration 59001 to 60000 is 1.3013 %
Covariance:
[0.0260567 -0.0059508 0.0221521; -0.0059508 0.00199741 -0.00417316; 0.0221521 -0.00417316 0.114205]
Loglik: 6402.2250 
Percentage done: 61.00 % 
Acceptance rate on iteration 60001 to 61000 is 0.3003 %
Covariance:
[0.0260567 -0.0059508 0.0221521; -0.0059508 0.00199741 -0.00417316; 0.0221521 -0.00417316 0.114205]
Loglik: 6404.9998 
Percentage done: 62.00 % 
Acceptance rate on iteration 61001 to 62000 is 1.2012 %
Covariance:
[0.0260567 -0.0059508 0.0221521; -0.0059508 0.00199741 -0.00417316; 0.0221521 -0.00417316 0.114205]
Loglik: 6404.9040 
Percentage done: 63.00 % 
Acceptance rate on iteration 62001 to 63000 is 1.4014 %
Covariance:
[0.0260567 -0.0059508 0.0221521; -0.0059508 0.00199741 -0.00417316; 0.0221521 -0.00417316 0.114205]
Loglik: 6404.7391 
Percentage done: 64.00 % 
Acceptance rate on iteration 63001 to 64000 is 1.1011 %
Covariance:
[0.0260567 -0.0059508 0.0221521; -0.0059508 0.00199741 -0.00417316; 0.0221521 -0.00417316 0.114205]
Loglik: 6404.5440 
Percentage done: 65.00 % 
Acceptance rate on iteration 64001 to 65000 is 1.6016 %
Covariance:
[0.0260567 -0.0059508 0.0221521; -0.0059508 0.00199741 -0.00417316; 0.0221521 -0.00417316 0.114205]
Loglik: 6404.6304 
Percentage done: 66.00 % 
Acceptance rate on iteration 65001 to 66000 is 2.4024 %
Covariance:
[0.0260567 -0.0059508 0.0221521; -0.0059508 0.00199741 -0.00417316; 0.0221521 -0.00417316 0.114205]
Loglik: 6405.1573 
Percentage done: 67.00 % 
Acceptance rate on iteration 66001 to 67000 is 1.1011 %
Covariance:
[0.0260567 -0.0059508 0.0221521; -0.0059508 0.00199741 -0.00417316; 0.0221521 -0.00417316 0.114205]
Loglik: 6401.1807 
Percentage done: 68.00 % 
Acceptance rate on iteration 67001 to 68000 is 1.2012 %
Covariance:
[0.0260567 -0.0059508 0.0221521; -0.0059508 0.00199741 -0.00417316; 0.0221521 -0.00417316 0.114205]
Loglik: 6404.3064 
Percentage done: 69.00 % 
Acceptance rate on iteration 68001 to 69000 is 1.5015 %
Covariance:
[0.0260567 -0.0059508 0.0221521; -0.0059508 0.00199741 -0.00417316; 0.0221521 -0.00417316 0.114205]
Loglik: 6404.1959 
Percentage done: 70.00 % 
Acceptance rate on iteration 69001 to 70000 is 1.3013 %
Covariance:
[0.0260567 -0.0059508 0.0221521; -0.0059508 0.00199741 -0.00417316; 0.0221521 -0.00417316 0.114205]
Loglik: 6404.8238 
Percentage done: 71.00 % 
Acceptance rate on iteration 70001 to 71000 is 1.8018 %
Covariance:
[0.0260567 -0.0059508 0.0221521; -0.0059508 0.00199741 -0.00417316; 0.0221521 -0.00417316 0.114205]
Loglik: 6404.7849 
Percentage done: 72.00 % 
Acceptance rate on iteration 71001 to 72000 is 1.3013 %
Covariance:
[0.0260567 -0.0059508 0.0221521; -0.0059508 0.00199741 -0.00417316; 0.0221521 -0.00417316 0.114205]
Loglik: 6405.0547 
Percentage done: 73.00 % 
Acceptance rate on iteration 72001 to 73000 is 1.1011 %
Covariance:
[0.0260567 -0.0059508 0.0221521; -0.0059508 0.00199741 -0.00417316; 0.0221521 -0.00417316 0.114205]
Loglik: 6404.5639 
Percentage done: 74.00 % 
Acceptance rate on iteration 73001 to 74000 is 1.7017 %
Covariance:
[0.0260567 -0.0059508 0.0221521; -0.0059508 0.00199741 -0.00417316; 0.0221521 -0.00417316 0.114205]
Loglik: 6405.0880 
Percentage done: 75.00 % 
Acceptance rate on iteration 74001 to 75000 is 1.6016 %
Covariance:
[0.0260567 -0.0059508 0.0221521; -0.0059508 0.00199741 -0.00417316; 0.0221521 -0.00417316 0.114205]
Loglik: 6403.7591 
Percentage done: 76.00 % 
Acceptance rate on iteration 75001 to 76000 is 2.1021 %
Covariance:
[0.0260567 -0.0059508 0.0221521; -0.0059508 0.00199741 -0.00417316; 0.0221521 -0.00417316 0.114205]
Loglik: 6403.1120 
Percentage done: 77.00 % 
Acceptance rate on iteration 76001 to 77000 is 1.2012 %
Covariance:
[0.0260567 -0.0059508 0.0221521; -0.0059508 0.00199741 -0.00417316; 0.0221521 -0.00417316 0.114205]
Loglik: 6404.2440 
Percentage done: 78.00 % 
Acceptance rate on iteration 77001 to 78000 is 1.8018 %
Covariance:
[0.0260567 -0.0059508 0.0221521; -0.0059508 0.00199741 -0.00417316; 0.0221521 -0.00417316 0.114205]
Loglik: 6404.8556 
Percentage done: 79.00 % 
Acceptance rate on iteration 78001 to 79000 is 1.4014 %
Covariance:
[0.0260567 -0.0059508 0.0221521; -0.0059508 0.00199741 -0.00417316; 0.0221521 -0.00417316 0.114205]
Loglik: 6405.3283 
Percentage done: 80.00 % 
Acceptance rate on iteration 79001 to 80000 is 1.8018 %
Covariance:
[0.0260567 -0.0059508 0.0221521; -0.0059508 0.00199741 -0.00417316; 0.0221521 -0.00417316 0.114205]
Loglik: 6404.2866 
Percentage done: 81.00 % 
Acceptance rate on iteration 80001 to 81000 is 0.9009 %
Covariance:
[0.0260567 -0.0059508 0.0221521; -0.0059508 0.00199741 -0.00417316; 0.0221521 -0.00417316 0.114205]
Loglik: 6402.4402 
Percentage done: 82.00 % 
Acceptance rate on iteration 81001 to 82000 is 0.8008 %
Covariance:
[0.0260567 -0.0059508 0.0221521; -0.0059508 0.00199741 -0.00417316; 0.0221521 -0.00417316 0.114205]
Loglik: 6404.2686 
Percentage done: 83.00 % 
Acceptance rate on iteration 82001 to 83000 is 2.0020 %
Covariance:
[0.0260567 -0.0059508 0.0221521; -0.0059508 0.00199741 -0.00417316; 0.0221521 -0.00417316 0.114205]
Loglik: 6405.4056 
Percentage done: 84.00 % 
Acceptance rate on iteration 83001 to 84000 is 2.1021 %
Covariance:
[0.0260567 -0.0059508 0.0221521; -0.0059508 0.00199741 -0.00417316; 0.0221521 -0.00417316 0.114205]
Loglik: 6404.0427 
Percentage done: 85.00 % 
Acceptance rate on iteration 84001 to 85000 is 1.5015 %
Covariance:
[0.0260567 -0.0059508 0.0221521; -0.0059508 0.00199741 -0.00417316; 0.0221521 -0.00417316 0.114205]
Loglik: 6404.7547 
Percentage done: 86.00 % 
Acceptance rate on iteration 85001 to 86000 is 1.6016 %
Covariance:
[0.0260567 -0.0059508 0.0221521; -0.0059508 0.00199741 -0.00417316; 0.0221521 -0.00417316 0.114205]
Loglik: 6404.4840 
Percentage done: 87.00 % 
Acceptance rate on iteration 86001 to 87000 is 1.2012 %
Covariance:
[0.0260567 -0.0059508 0.0221521; -0.0059508 0.00199741 -0.00417316; 0.0221521 -0.00417316 0.114205]
Loglik: 6405.0093 
Percentage done: 88.00 % 
Acceptance rate on iteration 87001 to 88000 is 1.7017 %
Covariance:
[0.0260567 -0.0059508 0.0221521; -0.0059508 0.00199741 -0.00417316; 0.0221521 -0.00417316 0.114205]
Loglik: 6404.8819 
Percentage done: 89.00 % 
Acceptance rate on iteration 88001 to 89000 is 1.0010 %
Covariance:
[0.0260567 -0.0059508 0.0221521; -0.0059508 0.00199741 -0.00417316; 0.0221521 -0.00417316 0.114205]
Loglik: 6405.6470 
Percentage done: 90.00 % 
Acceptance rate on iteration 89001 to 90000 is 2.1021 %
Covariance:
[0.0260567 -0.0059508 0.0221521; -0.0059508 0.00199741 -0.00417316; 0.0221521 -0.00417316 0.114205]
Loglik: 6403.9674 
ESS: 168.9836
ESS: 189.7488
Percentage done: 91.00 % 
Acceptance rate on iteration 90001 to 91000 is 1.8018 %
Covariance:
[0.0260567 -0.0059508 0.0221521; -0.0059508 0.00199741 -0.00417316; 0.0221521 -0.00417316 0.114205]
Loglik: 6404.0361 
Percentage done: 92.00 % 
Acceptance rate on iteration 91001 to 92000 is 0.7007 %
Covariance:
[0.0260567 -0.0059508 0.0221521; -0.0059508 0.00199741 -0.00417316; 0.0221521 -0.00417316 0.114205]
Loglik: 6405.0805 
Percentage done: 93.00 % 
Acceptance rate on iteration 92001 to 93000 is 0.9009 %
Covariance:
[0.0260567 -0.0059508 0.0221521; -0.0059508 0.00199741 -0.00417316; 0.0221521 -0.00417316 0.114205]
Loglik: 6405.4828 
Percentage done: 94.00 % 
Acceptance rate on iteration 93001 to 94000 is 1.0010 %
Covariance:
[0.0260567 -0.0059508 0.0221521; -0.0059508 0.00199741 -0.00417316; 0.0221521 -0.00417316 0.114205]
Loglik: 6404.0429 
Percentage done: 95.00 % 
Acceptance rate on iteration 94001 to 95000 is 1.6016 %
Covariance:
[0.0260567 -0.0059508 0.0221521; -0.0059508 0.00199741 -0.00417316; 0.0221521 -0.00417316 0.114205]
Loglik: 6405.1223 
Percentage done: 96.00 % 
Acceptance rate on iteration 95001 to 96000 is 2.4024 %
Covariance:
[0.0260567 -0.0059508 0.0221521; -0.0059508 0.00199741 -0.00417316; 0.0221521 -0.00417316 0.114205]
Loglik: 6403.9308 
Percentage done: 97.00 % 
Acceptance rate on iteration 96001 to 97000 is 0.6006 %
Covariance:
[0.0260567 -0.0059508 0.0221521; -0.0059508 0.00199741 -0.00417316; 0.0221521 -0.00417316 0.114205]
Loglik: 6404.4670 
Percentage done: 98.00 % 
Acceptance rate on iteration 97001 to 98000 is 1.6016 %
Covariance:
[0.0260567 -0.0059508 0.0221521; -0.0059508 0.00199741 -0.00417316; 0.0221521 -0.00417316 0.114205]
Loglik: 6404.0596 
Percentage done: 99.00 % 
Acceptance rate on iteration 98001 to 99000 is 1.3013 %
Covariance:
[0.0260567 -0.0059508 0.0221521; -0.0059508 0.00199741 -0.00417316; 0.0221521 -0.00417316 0.114205]
Loglik: 6403.1215 
elapsed time: 131.108817617 seconds
Ending DA-GP-MCMC with adaptive RW estimating 3 parameters
Algorithm: MCWM
Adaptation algorithm: noAdaptation
Prior distribution: Uniform
Particel filter: bootstrap
Time pre-er:  0
Time fit GP model:  0
Time er-part:  131
Number early-rejections: 96906
Number of cases directly to ordinary MH: 0
Number of cases directly to ordinary MH accapted: 0
Number cases in secound stage: 3093
Number accepted in secound stage: 1443
Accaptace rate for ordinary MH accapted: NaN
Accaptace rate a_1: 3.0930
Accaptace rate a_2: 46.6537
Accaptace rate a_1*a_2: 1.4430
Accaptace rate a (for entier algorithm): 1.4430
Covariance - kernel_secound_stage_direct:
[0.0260567 -0.0059508 0.0221521; -0.0059508 0.00199741 -0.00417316; 0.0221521 -0.00417316 0.114205]
Starting DA-GP-MCMC with adaptive RW estimating 3 parameters
MCMC algorithm: MCWM
Adaptation algorithm: noAdaptation
Select case model: BiaseCoin
Prior distribution: Uniform
Particel filter: bootstrap
Iteration: 1
Covariance:
[0.0260567 -0.0059508 0.0221521; -0.0059508 0.00199741 -0.00417316; 0.0221521 -0.00417316 0.114205]
ESS: 213.8809
Loglik: 6404.4045 
Percentage done: 1.00 % 
Acceptance rate on iteration 1 to 1000 is 3.5035 %
Covariance:
[0.0260567 -0.0059508 0.0221521; -0.0059508 0.00199741 -0.00417316; 0.0221521 -0.00417316 0.114205]
Loglik: NaN 
Percentage done: 2.00 % 
Acceptance rate on iteration 1001 to 2000 is 3.2032 %
Covariance:
[0.0260567 -0.0059508 0.0221521; -0.0059508 0.00199741 -0.00417316; 0.0221521 -0.00417316 0.114205]
Loglik: NaN 
Percentage done: 3.00 % 
Acceptance rate on iteration 2001 to 3000 is 2.0020 %
Covariance:
[0.0260567 -0.0059508 0.0221521; -0.0059508 0.00199741 -0.00417316; 0.0221521 -0.00417316 0.114205]
Loglik: NaN 
Percentage done: 4.00 % 
Acceptance rate on iteration 3001 to 4000 is 3.7037 %
Covariance:
[0.0260567 -0.0059508 0.0221521; -0.0059508 0.00199741 -0.00417316; 0.0221521 -0.00417316 0.114205]
Loglik: NaN 
Percentage done: 5.00 % 
Acceptance rate on iteration 4001 to 5000 is 2.7027 %
Covariance:
[0.0260567 -0.0059508 0.0221521; -0.0059508 0.00199741 -0.00417316; 0.0221521 -0.00417316 0.114205]
Loglik: NaN 
Percentage done: 6.00 % 
Acceptance rate on iteration 5001 to 6000 is 1.8018 %
Covariance:
[0.0260567 -0.0059508 0.0221521; -0.0059508 0.00199741 -0.00417316; 0.0221521 -0.00417316 0.114205]
Loglik: NaN 
Percentage done: 7.00 % 
Acceptance rate on iteration 6001 to 7000 is 3.5035 %
Covariance:
[0.0260567 -0.0059508 0.0221521; -0.0059508 0.00199741 -0.00417316; 0.0221521 -0.00417316 0.114205]
Loglik: NaN 
Percentage done: 8.00 % 
Acceptance rate on iteration 7001 to 8000 is 4.2042 %
Covariance:
[0.0260567 -0.0059508 0.0221521; -0.0059508 0.00199741 -0.00417316; 0.0221521 -0.00417316 0.114205]
Loglik: NaN 
Percentage done: 9.00 % 
Acceptance rate on iteration 8001 to 9000 is 1.8018 %
Covariance:
[0.0260567 -0.0059508 0.0221521; -0.0059508 0.00199741 -0.00417316; 0.0221521 -0.00417316 0.114205]
Loglik: NaN 
Percentage done: 10.00 % 
Acceptance rate on iteration 9001 to 10000 is 0.9009 %
Covariance:
[0.0260567 -0.0059508 0.0221521; -0.0059508 0.00199741 -0.00417316; 0.0221521 -0.00417316 0.114205]
Loglik: NaN 
Percentage done: 11.00 % 
Acceptance rate on iteration 10001 to 11000 is 3.3033 %
Covariance:
[0.0260567 -0.0059508 0.0221521; -0.0059508 0.00199741 -0.00417316; 0.0221521 -0.00417316 0.114205]
Loglik: NaN 
Percentage done: 12.00 % 
Acceptance rate on iteration 11001 to 12000 is 1.5015 %
Covariance:
[0.0260567 -0.0059508 0.0221521; -0.0059508 0.00199741 -0.00417316; 0.0221521 -0.00417316 0.114205]
Loglik: NaN 
Percentage done: 13.00 % 
Acceptance rate on iteration 12001 to 13000 is 2.1021 %
Covariance:
[0.0260567 -0.0059508 0.0221521; -0.0059508 0.00199741 -0.00417316; 0.0221521 -0.00417316 0.114205]
Loglik: NaN 
Percentage done: 14.00 % 
Acceptance rate on iteration 13001 to 14000 is 4.7047 %
Covariance:
[0.0260567 -0.0059508 0.0221521; -0.0059508 0.00199741 -0.00417316; 0.0221521 -0.00417316 0.114205]
Loglik: NaN 
Percentage done: 15.00 % 
Acceptance rate on iteration 14001 to 15000 is 3.5035 %
Covariance:
[0.0260567 -0.0059508 0.0221521; -0.0059508 0.00199741 -0.00417316; 0.0221521 -0.00417316 0.114205]
Loglik: NaN 
Percentage done: 16.00 % 
Acceptance rate on iteration 15001 to 16000 is 2.3023 %
Covariance:
[0.0260567 -0.0059508 0.0221521; -0.0059508 0.00199741 -0.00417316; 0.0221521 -0.00417316 0.114205]
Loglik: NaN 
Percentage done: 17.00 % 
Acceptance rate on iteration 16001 to 17000 is 3.4034 %
Covariance:
[0.0260567 -0.0059508 0.0221521; -0.0059508 0.00199741 -0.00417316; 0.0221521 -0.00417316 0.114205]
Loglik: NaN 
Percentage done: 18.00 % 
Acceptance rate on iteration 17001 to 18000 is 3.6036 %
Covariance:
[0.0260567 -0.0059508 0.0221521; -0.0059508 0.00199741 -0.00417316; 0.0221521 -0.00417316 0.114205]
Loglik: NaN 
Percentage done: 19.00 % 
Acceptance rate on iteration 18001 to 19000 is 1.2012 %
Covariance:
[0.0260567 -0.0059508 0.0221521; -0.0059508 0.00199741 -0.00417316; 0.0221521 -0.00417316 0.114205]
Loglik: NaN 
Percentage done: 20.00 % 
Acceptance rate on iteration 19001 to 20000 is 3.1031 %
Covariance:
[0.0260567 -0.0059508 0.0221521; -0.0059508 0.00199741 -0.00417316; 0.0221521 -0.00417316 0.114205]
Loglik: NaN 
Percentage done: 21.00 % 
Acceptance rate on iteration 20001 to 21000 is 1.9019 %
Covariance:
[0.0260567 -0.0059508 0.0221521; -0.0059508 0.00199741 -0.00417316; 0.0221521 -0.00417316 0.114205]
Loglik: NaN 
Percentage done: 22.00 % 
Acceptance rate on iteration 21001 to 22000 is 3.0030 %
Covariance:
[0.0260567 -0.0059508 0.0221521; -0.0059508 0.00199741 -0.00417316; 0.0221521 -0.00417316 0.114205]
Loglik: NaN 
Percentage done: 23.00 % 
Acceptance rate on iteration 22001 to 23000 is 2.1021 %
Covariance:
[0.0260567 -0.0059508 0.0221521; -0.0059508 0.00199741 -0.00417316; 0.0221521 -0.00417316 0.114205]
Loglik: NaN 
Percentage done: 24.00 % 
Acceptance rate on iteration 23001 to 24000 is 1.2012 %
Covariance:
[0.0260567 -0.0059508 0.0221521; -0.0059508 0.00199741 -0.00417316; 0.0221521 -0.00417316 0.114205]
Loglik: NaN 
Percentage done: 25.00 % 
Acceptance rate on iteration 24001 to 25000 is 2.0020 %
Covariance:
[0.0260567 -0.0059508 0.0221521; -0.0059508 0.00199741 -0.00417316; 0.0221521 -0.00417316 0.114205]
Loglik: NaN 
Percentage done: 26.00 % 
Acceptance rate on iteration 25001 to 26000 is 2.2022 %
Covariance:
[0.0260567 -0.0059508 0.0221521; -0.0059508 0.00199741 -0.00417316; 0.0221521 -0.00417316 0.114205]
Loglik: NaN 
Percentage done: 27.00 % 
Acceptance rate on iteration 26001 to 27000 is 3.8038 %
Covariance:
[0.0260567 -0.0059508 0.0221521; -0.0059508 0.00199741 -0.00417316; 0.0221521 -0.00417316 0.114205]
Loglik: NaN 
Percentage done: 28.00 % 
Acceptance rate on iteration 27001 to 28000 is 4.5045 %
Covariance:
[0.0260567 -0.0059508 0.0221521; -0.0059508 0.00199741 -0.00417316; 0.0221521 -0.00417316 0.114205]
Loglik: NaN 
Percentage done: 29.00 % 
Acceptance rate on iteration 28001 to 29000 is 2.6026 %
Covariance:
[0.0260567 -0.0059508 0.0221521; -0.0059508 0.00199741 -0.00417316; 0.0221521 -0.00417316 0.114205]
Loglik: NaN 
Percentage done: 30.00 % 
Acceptance rate on iteration 29001 to 30000 is 2.6026 %
Covariance:
[0.0260567 -0.0059508 0.0221521; -0.0059508 0.00199741 -0.00417316; 0.0221521 -0.00417316 0.114205]
Loglik: NaN 
Percentage done: 31.00 % 
Acceptance rate on iteration 30001 to 31000 is 1.8018 %
Covariance:
[0.0260567 -0.0059508 0.0221521; -0.0059508 0.00199741 -0.00417316; 0.0221521 -0.00417316 0.114205]
Loglik: NaN 
Percentage done: 32.00 % 
Acceptance rate on iteration 31001 to 32000 is 2.8028 %
Covariance:
[0.0260567 -0.0059508 0.0221521; -0.0059508 0.00199741 -0.00417316; 0.0221521 -0.00417316 0.114205]
Loglik: NaN 
Percentage done: 33.00 % 
Acceptance rate on iteration 32001 to 33000 is 3.5035 %
Covariance:
[0.0260567 -0.0059508 0.0221521; -0.0059508 0.00199741 -0.00417316; 0.0221521 -0.00417316 0.114205]
Loglik: NaN 
Percentage done: 34.00 % 
Acceptance rate on iteration 33001 to 34000 is 2.0020 %
Covariance:
[0.0260567 -0.0059508 0.0221521; -0.0059508 0.00199741 -0.00417316; 0.0221521 -0.00417316 0.114205]
Loglik: NaN 
Percentage done: 35.00 % 
Acceptance rate on iteration 34001 to 35000 is 2.5025 %
Covariance:
[0.0260567 -0.0059508 0.0221521; -0.0059508 0.00199741 -0.00417316; 0.0221521 -0.00417316 0.114205]
Loglik: NaN 
Percentage done: 36.00 % 
Acceptance rate on iteration 35001 to 36000 is 2.1021 %
Covariance:
[0.0260567 -0.0059508 0.0221521; -0.0059508 0.00199741 -0.00417316; 0.0221521 -0.00417316 0.114205]
Loglik: NaN 
Percentage done: 37.00 % 
Acceptance rate on iteration 36001 to 37000 is 1.9019 %
Covariance:
[0.0260567 -0.0059508 0.0221521; -0.0059508 0.00199741 -0.00417316; 0.0221521 -0.00417316 0.114205]
Loglik: NaN 
Percentage done: 38.00 % 
Acceptance rate on iteration 37001 to 38000 is 1.9019 %
Covariance:
[0.0260567 -0.0059508 0.0221521; -0.0059508 0.00199741 -0.00417316; 0.0221521 -0.00417316 0.114205]
Loglik: NaN 
Percentage done: 39.00 % 
Acceptance rate on iteration 38001 to 39000 is 1.6016 %
Covariance:
[0.0260567 -0.0059508 0.0221521; -0.0059508 0.00199741 -0.00417316; 0.0221521 -0.00417316 0.114205]
Loglik: NaN 
Percentage done: 40.00 % 
Acceptance rate on iteration 39001 to 40000 is 3.1031 %
Covariance:
[0.0260567 -0.0059508 0.0221521; -0.0059508 0.00199741 -0.00417316; 0.0221521 -0.00417316 0.114205]
Loglik: NaN 
Percentage done: 41.00 % 
Acceptance rate on iteration 40001 to 41000 is 3.9039 %
Covariance:
[0.0260567 -0.0059508 0.0221521; -0.0059508 0.00199741 -0.00417316; 0.0221521 -0.00417316 0.114205]
Loglik: NaN 
Percentage done: 42.00 % 
Acceptance rate on iteration 41001 to 42000 is 2.1021 %
Covariance:
[0.0260567 -0.0059508 0.0221521; -0.0059508 0.00199741 -0.00417316; 0.0221521 -0.00417316 0.114205]
Loglik: NaN 
Percentage done: 43.00 % 
Acceptance rate on iteration 42001 to 43000 is 0.8008 %
Covariance:
[0.0260567 -0.0059508 0.0221521; -0.0059508 0.00199741 -0.00417316; 0.0221521 -0.00417316 0.114205]
Loglik: NaN 
Percentage done: 44.00 % 
Acceptance rate on iteration 43001 to 44000 is 0.9009 %
Covariance:
[0.0260567 -0.0059508 0.0221521; -0.0059508 0.00199741 -0.00417316; 0.0221521 -0.00417316 0.114205]
Loglik: NaN 
ESS: 272.9429
ESS: 232.0319
Percentage done: 45.00 % 
Acceptance rate on iteration 44001 to 45000 is 0.6006 %
Covariance:
[0.0260567 -0.0059508 0.0221521; -0.0059508 0.00199741 -0.00417316; 0.0221521 -0.00417316 0.114205]
Loglik: NaN 
Percentage done: 46.00 % 
Acceptance rate on iteration 45001 to 46000 is 2.0020 %
Covariance:
[0.0260567 -0.0059508 0.0221521; -0.0059508 0.00199741 -0.00417316; 0.0221521 -0.00417316 0.114205]
Loglik: NaN 
Percentage done: 47.00 % 
Acceptance rate on iteration 46001 to 47000 is 1.5015 %
Covariance:
[0.0260567 -0.0059508 0.0221521; -0.0059508 0.00199741 -0.00417316; 0.0221521 -0.00417316 0.114205]
Loglik: NaN 
Percentage done: 48.00 % 
Acceptance rate on iteration 47001 to 48000 is 1.9019 %
Covariance:
[0.0260567 -0.0059508 0.0221521; -0.0059508 0.00199741 -0.00417316; 0.0221521 -0.00417316 0.114205]
Loglik: NaN 
Percentage done: 49.00 % 
Acceptance rate on iteration 48001 to 49000 is 3.5035 %
Covariance:
[0.0260567 -0.0059508 0.0221521; -0.0059508 0.00199741 -0.00417316; 0.0221521 -0.00417316 0.114205]
Loglik: NaN 
Percentage done: 50.00 % 
Acceptance rate on iteration 49001 to 50000 is 2.4024 %
Covariance:
[0.0260567 -0.0059508 0.0221521; -0.0059508 0.00199741 -0.00417316; 0.0221521 -0.00417316 0.114205]
Loglik: NaN 
Percentage done: 51.00 % 
Acceptance rate on iteration 50001 to 51000 is 3.7037 %
Covariance:
[0.0260567 -0.0059508 0.0221521; -0.0059508 0.00199741 -0.00417316; 0.0221521 -0.00417316 0.114205]
Loglik: NaN 
Percentage done: 52.00 % 
Acceptance rate on iteration 51001 to 52000 is 3.6036 %
Covariance:
[0.0260567 -0.0059508 0.0221521; -0.0059508 0.00199741 -0.00417316; 0.0221521 -0.00417316 0.114205]
Loglik: NaN 
Percentage done: 53.00 % 
Acceptance rate on iteration 52001 to 53000 is 1.4014 %
Covariance:
[0.0260567 -0.0059508 0.0221521; -0.0059508 0.00199741 -0.00417316; 0.0221521 -0.00417316 0.114205]
Loglik: NaN 
Percentage done: 54.00 % 
Acceptance rate on iteration 53001 to 54000 is 2.4024 %
Covariance:
[0.0260567 -0.0059508 0.0221521; -0.0059508 0.00199741 -0.00417316; 0.0221521 -0.00417316 0.114205]
Loglik: NaN 
Percentage done: 55.00 % 
Acceptance rate on iteration 54001 to 55000 is 2.7027 %
Covariance:
[0.0260567 -0.0059508 0.0221521; -0.0059508 0.00199741 -0.00417316; 0.0221521 -0.00417316 0.114205]
Loglik: NaN 
Percentage done: 56.00 % 
Acceptance rate on iteration 55001 to 56000 is 2.3023 %
Covariance:
[0.0260567 -0.0059508 0.0221521; -0.0059508 0.00199741 -0.00417316; 0.0221521 -0.00417316 0.114205]
Loglik: NaN 
Percentage done: 57.00 % 
Acceptance rate on iteration 56001 to 57000 is 2.7027 %
Covariance:
[0.0260567 -0.0059508 0.0221521; -0.0059508 0.00199741 -0.00417316; 0.0221521 -0.00417316 0.114205]
Loglik: NaN 
Percentage done: 58.00 % 
Acceptance rate on iteration 57001 to 58000 is 1.7017 %
Covariance:
[0.0260567 -0.0059508 0.0221521; -0.0059508 0.00199741 -0.00417316; 0.0221521 -0.00417316 0.114205]
Loglik: NaN 
Percentage done: 59.00 % 
Acceptance rate on iteration 58001 to 59000 is 1.3013 %
Covariance:
[0.0260567 -0.0059508 0.0221521; -0.0059508 0.00199741 -0.00417316; 0.0221521 -0.00417316 0.114205]
Loglik: NaN 
Percentage done: 60.00 % 
Acceptance rate on iteration 59001 to 60000 is 2.7027 %
Covariance:
[0.0260567 -0.0059508 0.0221521; -0.0059508 0.00199741 -0.00417316; 0.0221521 -0.00417316 0.114205]
Loglik: NaN 
Percentage done: 61.00 % 
Acceptance rate on iteration 60001 to 61000 is 2.9029 %
Covariance:
[0.0260567 -0.0059508 0.0221521; -0.0059508 0.00199741 -0.00417316; 0.0221521 -0.00417316 0.114205]
Loglik: NaN 
Percentage done: 62.00 % 
Acceptance rate on iteration 61001 to 62000 is 2.1021 %
Covariance:
[0.0260567 -0.0059508 0.0221521; -0.0059508 0.00199741 -0.00417316; 0.0221521 -0.00417316 0.114205]
Loglik: NaN 
Percentage done: 63.00 % 
Acceptance rate on iteration 62001 to 63000 is 0.6006 %
Covariance:
[0.0260567 -0.0059508 0.0221521; -0.0059508 0.00199741 -0.00417316; 0.0221521 -0.00417316 0.114205]
Loglik: NaN 
Percentage done: 64.00 % 
Acceptance rate on iteration 63001 to 64000 is 3.0030 %
Covariance:
[0.0260567 -0.0059508 0.0221521; -0.0059508 0.00199741 -0.00417316; 0.0221521 -0.00417316 0.114205]
Loglik: NaN 
Percentage done: 65.00 % 
Acceptance rate on iteration 64001 to 65000 is 1.9019 %
Covariance:
[0.0260567 -0.0059508 0.0221521; -0.0059508 0.00199741 -0.00417316; 0.0221521 -0.00417316 0.114205]
Loglik: NaN 
Percentage done: 66.00 % 
Acceptance rate on iteration 65001 to 66000 is 1.1011 %
Covariance:
[0.0260567 -0.0059508 0.0221521; -0.0059508 0.00199741 -0.00417316; 0.0221521 -0.00417316 0.114205]
Loglik: NaN 
Percentage done: 67.00 % 
Acceptance rate on iteration 66001 to 67000 is 2.5025 %
Covariance:
[0.0260567 -0.0059508 0.0221521; -0.0059508 0.00199741 -0.00417316; 0.0221521 -0.00417316 0.114205]
Loglik: NaN 
Percentage done: 68.00 % 
Acceptance rate on iteration 67001 to 68000 is 2.9029 %
Covariance:
[0.0260567 -0.0059508 0.0221521; -0.0059508 0.00199741 -0.00417316; 0.0221521 -0.00417316 0.114205]
Loglik: NaN 
Percentage done: 69.00 % 
Acceptance rate on iteration 68001 to 69000 is 1.7017 %
Covariance:
[0.0260567 -0.0059508 0.0221521; -0.0059508 0.00199741 -0.00417316; 0.0221521 -0.00417316 0.114205]
Loglik: NaN 
Percentage done: 70.00 % 
Acceptance rate on iteration 69001 to 70000 is 2.5025 %
Covariance:
[0.0260567 -0.0059508 0.0221521; -0.0059508 0.00199741 -0.00417316; 0.0221521 -0.00417316 0.114205]
Loglik: NaN 
Percentage done: 71.00 % 
Acceptance rate on iteration 70001 to 71000 is 2.2022 %
Covariance:
[0.0260567 -0.0059508 0.0221521; -0.0059508 0.00199741 -0.00417316; 0.0221521 -0.00417316 0.114205]
Loglik: NaN 
Percentage done: 72.00 % 
Acceptance rate on iteration 71001 to 72000 is 1.9019 %
Covariance:
[0.0260567 -0.0059508 0.0221521; -0.0059508 0.00199741 -0.00417316; 0.0221521 -0.00417316 0.114205]
Loglik: NaN 
Percentage done: 73.00 % 
Acceptance rate on iteration 72001 to 73000 is 1.8018 %
Covariance:
[0.0260567 -0.0059508 0.0221521; -0.0059508 0.00199741 -0.00417316; 0.0221521 -0.00417316 0.114205]
Loglik: NaN 
Percentage done: 74.00 % 
Acceptance rate on iteration 73001 to 74000 is 2.2022 %
Covariance:
[0.0260567 -0.0059508 0.0221521; -0.0059508 0.00199741 -0.00417316; 0.0221521 -0.00417316 0.114205]
Loglik: NaN 
Percentage done: 75.00 % 
Acceptance rate on iteration 74001 to 75000 is 3.5035 %
Covariance:
[0.0260567 -0.0059508 0.0221521; -0.0059508 0.00199741 -0.00417316; 0.0221521 -0.00417316 0.114205]
Loglik: NaN 
Percentage done: 76.00 % 
Acceptance rate on iteration 75001 to 76000 is 4.5045 %
Covariance:
[0.0260567 -0.0059508 0.0221521; -0.0059508 0.00199741 -0.00417316; 0.0221521 -0.00417316 0.114205]
Loglik: NaN 
Percentage done: 77.00 % 
Acceptance rate on iteration 76001 to 77000 is 1.2012 %
Covariance:
[0.0260567 -0.0059508 0.0221521; -0.0059508 0.00199741 -0.00417316; 0.0221521 -0.00417316 0.114205]
Loglik: NaN 
Percentage done: 78.00 % 
Acceptance rate on iteration 77001 to 78000 is 2.2022 %
Covariance:
[0.0260567 -0.0059508 0.0221521; -0.0059508 0.00199741 -0.00417316; 0.0221521 -0.00417316 0.114205]
Loglik: NaN 
Percentage done: 79.00 % 
Acceptance rate on iteration 78001 to 79000 is 2.8028 %
Covariance:
[0.0260567 -0.0059508 0.0221521; -0.0059508 0.00199741 -0.00417316; 0.0221521 -0.00417316 0.114205]
Loglik: NaN 
Percentage done: 80.00 % 
Acceptance rate on iteration 79001 to 80000 is 2.8028 %
Covariance:
[0.0260567 -0.0059508 0.0221521; -0.0059508 0.00199741 -0.00417316; 0.0221521 -0.00417316 0.114205]
Loglik: NaN 
Percentage done: 81.00 % 
Acceptance rate on iteration 80001 to 81000 is 3.6036 %
Covariance:
[0.0260567 -0.0059508 0.0221521; -0.0059508 0.00199741 -0.00417316; 0.0221521 -0.00417316 0.114205]
Loglik: NaN 
Percentage done: 82.00 % 
Acceptance rate on iteration 81001 to 82000 is 4.0040 %
Covariance:
[0.0260567 -0.0059508 0.0221521; -0.0059508 0.00199741 -0.00417316; 0.0221521 -0.00417316 0.114205]
Loglik: NaN 
Percentage done: 83.00 % 
Acceptance rate on iteration 82001 to 83000 is 1.6016 %
Covariance:
[0.0260567 -0.0059508 0.0221521; -0.0059508 0.00199741 -0.00417316; 0.0221521 -0.00417316 0.114205]
Loglik: NaN 
Percentage done: 84.00 % 
Acceptance rate on iteration 83001 to 84000 is 2.9029 %
Covariance:
[0.0260567 -0.0059508 0.0221521; -0.0059508 0.00199741 -0.00417316; 0.0221521 -0.00417316 0.114205]
Loglik: NaN 
Percentage done: 85.00 % 
Acceptance rate on iteration 84001 to 85000 is 1.0010 %
Covariance:
[0.0260567 -0.0059508 0.0221521; -0.0059508 0.00199741 -0.00417316; 0.0221521 -0.00417316 0.114205]
Loglik: NaN 
Percentage done: 86.00 % 
Acceptance rate on iteration 85001 to 86000 is 3.5035 %
Covariance:
[0.0260567 -0.0059508 0.0221521; -0.0059508 0.00199741 -0.00417316; 0.0221521 -0.00417316 0.114205]
Loglik: NaN 
Percentage done: 87.00 % 
Acceptance rate on iteration 86001 to 87000 is 2.0020 %
Covariance:
[0.0260567 -0.0059508 0.0221521; -0.0059508 0.00199741 -0.00417316; 0.0221521 -0.00417316 0.114205]
Loglik: NaN 
Percentage done: 88.00 % 
Acceptance rate on iteration 87001 to 88000 is 1.5015 %
Covariance:
[0.0260567 -0.0059508 0.0221521; -0.0059508 0.00199741 -0.00417316; 0.0221521 -0.00417316 0.114205]
Loglik: NaN 
Percentage done: 89.00 % 
Acceptance rate on iteration 88001 to 89000 is 1.5015 %
Covariance:
[0.0260567 -0.0059508 0.0221521; -0.0059508 0.00199741 -0.00417316; 0.0221521 -0.00417316 0.114205]
Loglik: NaN 
Percentage done: 90.00 % 
Acceptance rate on iteration 89001 to 90000 is 2.1021 %
Covariance:
[0.0260567 -0.0059508 0.0221521; -0.0059508 0.00199741 -0.00417316; 0.0221521 -0.00417316 0.114205]
Loglik: NaN 
Percentage done: 91.00 % 
Acceptance rate on iteration 90001 to 91000 is 1.4014 %
Covariance:
[0.0260567 -0.0059508 0.0221521; -0.0059508 0.00199741 -0.00417316; 0.0221521 -0.00417316 0.114205]
Loglik: NaN 
Percentage done: 92.00 % 
Acceptance rate on iteration 91001 to 92000 is 3.1031 %
Covariance:
[0.0260567 -0.0059508 0.0221521; -0.0059508 0.00199741 -0.00417316; 0.0221521 -0.00417316 0.114205]
Loglik: NaN 
Percentage done: 93.00 % 
Acceptance rate on iteration 92001 to 93000 is 1.6016 %
Covariance:
[0.0260567 -0.0059508 0.0221521; -0.0059508 0.00199741 -0.00417316; 0.0221521 -0.00417316 0.114205]
Loglik: NaN 
Percentage done: 94.00 % 
Acceptance rate on iteration 93001 to 94000 is 3.6036 %
Covariance:
[0.0260567 -0.0059508 0.0221521; -0.0059508 0.00199741 -0.00417316; 0.0221521 -0.00417316 0.114205]
Loglik: NaN 
Percentage done: 95.00 % 
Acceptance rate on iteration 94001 to 95000 is 1.3013 %
Covariance:
[0.0260567 -0.0059508 0.0221521; -0.0059508 0.00199741 -0.00417316; 0.0221521 -0.00417316 0.114205]
Loglik: NaN 
Percentage done: 96.00 % 
Acceptance rate on iteration 95001 to 96000 is 3.3033 %
Covariance:
[0.0260567 -0.0059508 0.0221521; -0.0059508 0.00199741 -0.00417316; 0.0221521 -0.00417316 0.114205]
Loglik: NaN 
Percentage done: 97.00 % 
Acceptance rate on iteration 96001 to 97000 is 2.2022 %
Covariance:
[0.0260567 -0.0059508 0.0221521; -0.0059508 0.00199741 -0.00417316; 0.0221521 -0.00417316 0.114205]
Loglik: NaN 
Percentage done: 98.00 % 
Acceptance rate on iteration 97001 to 98000 is 2.3023 %
Covariance:
[0.0260567 -0.0059508 0.0221521; -0.0059508 0.00199741 -0.00417316; 0.0221521 -0.00417316 0.114205]
Loglik: NaN 
Percentage done: 99.00 % 
Acceptance rate on iteration 98001 to 99000 is 1.3013 %
Covariance:
[0.0260567 -0.0059508 0.0221521; -0.0059508 0.00199741 -0.00417316; 0.0221521 -0.00417316 0.114205]
Loglik: NaN 
elapsed time: 115.35714585 seconds
Ending ADA-GP-MCMC with adaptive RW estimating 3 parameters
Algorithm: MCWM
Adaptation algorithm: noAdaptation
Prior distribution: Uniform
Particel filter: bootstrap
Time consumption:Time pre-er:  0
Time fit GP model:  0
Time er-part:  115
Number early-rejections: 96402
Number of cases directly to ordinary MH: 0
Number of cases directly to ordinary MH accapted: 0
Number split accaptance region early-accept: 562
Number split accaptance region early-reject: 741
Number cases in secound stage: 3597
Number accepted in secound stage: 1114
Accaptace rate for ordinary MH accapted: NaN
Accaptace rate a_1: 3.5970
Accaptace rate a_2: 30.9703
Accaptace rate a_1*a_2: 1.1140
Accaptace rate a (for entier algorithm): 2.4170
Nbr assumtion correct: 1196.000000
Proc assumtion correct: 0.521360
Number case 1: 1754
Number case 2: 699
Number case 3: 1069
Number case 4: 75
